D:/develop/Self_develop/edk2/Build/EmulatorX64/DEBUG_VS2019/X64/ShellPkg/DynamicCommand/TftpDynamicCommand/TftpDynamicCommand/OUTPUT/tftpDynamicCommand.lib
D:/develop/Self_develop/edk2/Build/EmulatorX64/DEBUG_VS2019/X64/MdePkg/Library/RegisterFilterLibNull/RegisterFilterLibNull/OUTPUT/FilterLibNull.lib
D:/develop/Self_develop/edk2/Build/EmulatorX64/DEBUG_VS2019/X64/MdePkg/Library/BaseDebugPrintErrorLevelLib/BaseDebugPrintErrorLevelLib/OUTPUT/BaseDebugPrintErrorLevelLib.lib
D:/develop/Self_develop/edk2/Build/EmulatorX64/DEBUG_VS2019/X64/MdeModulePkg/Library/DxeReportStatusCodeLib/DxeReportStatusCodeLib/OUTPUT/DxeReportStatusCodeLib.lib
D:/develop/Self_develop/edk2/Build/EmulatorX64/DEBUG_VS2019/X64/MdePkg/Library/DxePcdLib/DxePcdLib/OUTPUT/DxePcdLib.lib
D:/develop/Self_develop/edk2/Build/EmulatorX64/DEBUG_VS2019/X64/MdePkg/Library/BasePrintLib/BasePrintLib/OUTPUT/BasePrintLib.lib
D:/develop/Self_develop/edk2/Build/EmulatorX64/DEBUG_VS2019/X64/MdePkg/Library/UefiDevicePathLib/UefiDevicePathLib/OUTPUT/UefiDevicePathLib.lib
D:/develop/Self_develop/edk2/Build/EmulatorX64/DEBUG_VS2019/X64/MdeModulePkg/Library/PeiDxeDebugLibReportStatusCode/PeiDxeDebugLibReportStatusCode/OUTPUT/PeiDxeDebugLibReportStatusCode.lib
D:/develop/Self_develop/edk2/Build/EmulatorX64/DEBUG_VS2019/X64/MdePkg/Library/BaseMemoryLib/BaseMemoryLib/OUTPUT/BaseMemoryLib.lib
D:/develop/Self_develop/edk2/Build/EmulatorX64/DEBUG_VS2019/X64/MdePkg/Library/BaseLib/BaseLib/OUTPUT/BaseLib.lib
D:/develop/Self_develop/edk2/Build/EmulatorX64/DEBUG_VS2019/X64/MdePkg/Library/UefiMemoryAllocationLib/UefiMemoryAllocationLib/OUTPUT/UefiMemoryAllocationLib.lib
D:/develop/Self_develop/edk2/Build/EmulatorX64/DEBUG_VS2019/X64/MdePkg/Library/UefiBootServicesTableLib/UefiBootServicesTableLib/OUTPUT/UefiBootServicesTableLib.lib
D:/develop/Self_develop/edk2/Build/EmulatorX64/DEBUG_VS2019/X64/MdePkg/Library/UefiRuntimeServicesTableLib/UefiRuntimeServicesTableLib/OUTPUT/UefiRuntimeServicesTableLib.lib
D:/develop/Self_develop/edk2/Build/EmulatorX64/DEBUG_VS2019/X64/MdeModulePkg/Library/UefiHiiServicesLib/UefiHiiServicesLib/OUTPUT/UefiHiiServicesLib.lib
D:/develop/Self_develop/edk2/Build/EmulatorX64/DEBUG_VS2019/X64/MdePkg/Library/UefiLib/UefiLib/OUTPUT/UefiLib.lib
D:/develop/Self_develop/edk2/Build/EmulatorX64/DEBUG_VS2019/X64/MdeModulePkg/Library/BaseSortLib/BaseSortLib/OUTPUT/BaseSortLib.lib
D:/develop/Self_develop/edk2/Build/EmulatorX64/DEBUG_VS2019/X64/MdePkg/Library/UefiFileHandleLib/UefiFileHandleLib/OUTPUT/UefiFileHandleLib.lib
D:/develop/Self_develop/edk2/Build/EmulatorX64/DEBUG_VS2019/X64/MdeModulePkg/Library/UefiHiiLib/UefiHiiLib/OUTPUT/UefiHiiLib.lib
D:/develop/Self_develop/edk2/Build/EmulatorX64/DEBUG_VS2019/X64/MdePkg/Library/StackCheckLibNull/StackCheckLibNull/OUTPUT/StackCheckLibNull.lib
D:/develop/Self_develop/edk2/Build/EmulatorX64/DEBUG_VS2019/X64/ShellPkg/Library/UefiShellLib/UefiShellLib/OUTPUT/UefiShellLib.lib
D:/develop/Self_develop/edk2/Build/EmulatorX64/DEBUG_VS2019/X64/MdePkg/Library/UefiDriverEntryPoint/UefiDriverEntryPoint/OUTPUT/UefiDriverEntryPoint.lib
D:/develop/Self_develop/edk2/Build/EmulatorX64/DEBUG_VS2019/X64/NetworkPkg/Library/DxeNetLib/DxeNetLib/OUTPUT/DxeNetLib.lib
D:/develop/Self_develop/edk2/Build/EmulatorX64/DEBUG_VS2019/X64/ShellPkg/DynamicCommand/TftpDynamicCommand/TftpDynamicCommand/OUTPUT/tftpDynamicCommandhii.lib