D:/develop/EDK2/edk2/Build/EmulatorIA32/DEBUG_VS2022/IA32/CryptoPkg/Library/OpensslLib/OpensslLibCrypto/OUTPUT/OpensslLibConstructor.obj
D:/develop/EDK2/edk2/Build/EmulatorIA32/DEBUG_VS2022/IA32/CryptoPkg/Library/OpensslLib/OpensslLibCrypto/OUTPUT/openssl/crypto/aes/aes_cbc.obj
D:/develop/EDK2/edk2/Build/EmulatorIA32/DEBUG_VS2022/IA32/CryptoPkg/Library/OpensslLib/OpensslLibCrypto/OUTPUT/openssl/crypto/aes/aes_cfb.obj
D:/develop/EDK2/edk2/Build/EmulatorIA32/DEBUG_VS2022/IA32/CryptoPkg/Library/OpensslLib/OpensslLibCrypto/OUTPUT/openssl/crypto/aes/aes_core.obj
D:/develop/EDK2/edk2/Build/EmulatorIA32/DEBUG_VS2022/IA32/CryptoPkg/Library/OpensslLib/OpensslLibCrypto/OUTPUT/openssl/crypto/aes/aes_ecb.obj
D:/develop/EDK2/edk2/Build/EmulatorIA32/DEBUG_VS2022/IA32/CryptoPkg/Library/OpensslLib/OpensslLibCrypto/OUTPUT/openssl/crypto/aes/aes_ige.obj
D:/develop/EDK2/edk2/Build/EmulatorIA32/DEBUG_VS2022/IA32/CryptoPkg/Library/OpensslLib/OpensslLibCrypto/OUTPUT/openssl/crypto/aes/aes_misc.obj
D:/develop/EDK2/edk2/Build/EmulatorIA32/DEBUG_VS2022/IA32/CryptoPkg/Library/OpensslLib/OpensslLibCrypto/OUTPUT/openssl/crypto/aes/aes_ofb.obj
D:/develop/EDK2/edk2/Build/EmulatorIA32/DEBUG_VS2022/IA32/CryptoPkg/Library/OpensslLib/OpensslLibCrypto/OUTPUT/openssl/crypto/aes/aes_wrap.obj
D:/develop/EDK2/edk2/Build/EmulatorIA32/DEBUG_VS2022/IA32/CryptoPkg/Library/OpensslLib/OpensslLibCrypto/OUTPUT/openssl/crypto/asn1/a_bitstr.obj
D:/develop/EDK2/edk2/Build/EmulatorIA32/DEBUG_VS2022/IA32/CryptoPkg/Library/OpensslLib/OpensslLibCrypto/OUTPUT/openssl/crypto/asn1/a_d2i_fp.obj
D:/develop/EDK2/edk2/Build/EmulatorIA32/DEBUG_VS2022/IA32/CryptoPkg/Library/OpensslLib/OpensslLibCrypto/OUTPUT/openssl/crypto/asn1/a_digest.obj
D:/develop/EDK2/edk2/Build/EmulatorIA32/DEBUG_VS2022/IA32/CryptoPkg/Library/OpensslLib/OpensslLibCrypto/OUTPUT/openssl/crypto/asn1/a_dup.obj
D:/develop/EDK2/edk2/Build/EmulatorIA32/DEBUG_VS2022/IA32/CryptoPkg/Library/OpensslLib/OpensslLibCrypto/OUTPUT/openssl/crypto/asn1/a_gentm.obj
D:/develop/EDK2/edk2/Build/EmulatorIA32/DEBUG_VS2022/IA32/CryptoPkg/Library/OpensslLib/OpensslLibCrypto/OUTPUT/openssl/crypto/asn1/a_i2d_fp.obj
D:/develop/EDK2/edk2/Build/EmulatorIA32/DEBUG_VS2022/IA32/CryptoPkg/Library/OpensslLib/OpensslLibCrypto/OUTPUT/openssl/crypto/asn1/a_int.obj
D:/develop/EDK2/edk2/Build/EmulatorIA32/DEBUG_VS2022/IA32/CryptoPkg/Library/OpensslLib/OpensslLibCrypto/OUTPUT/openssl/crypto/asn1/a_mbstr.obj
D:/develop/EDK2/edk2/Build/EmulatorIA32/DEBUG_VS2022/IA32/CryptoPkg/Library/OpensslLib/OpensslLibCrypto/OUTPUT/openssl/crypto/asn1/a_object.obj
D:/develop/EDK2/edk2/Build/EmulatorIA32/DEBUG_VS2022/IA32/CryptoPkg/Library/OpensslLib/OpensslLibCrypto/OUTPUT/openssl/crypto/asn1/a_octet.obj
D:/develop/EDK2/edk2/Build/EmulatorIA32/DEBUG_VS2022/IA32/CryptoPkg/Library/OpensslLib/OpensslLibCrypto/OUTPUT/openssl/crypto/asn1/a_print.obj
D:/develop/EDK2/edk2/Build/EmulatorIA32/DEBUG_VS2022/IA32/CryptoPkg/Library/OpensslLib/OpensslLibCrypto/OUTPUT/openssl/crypto/asn1/a_sign.obj
D:/develop/EDK2/edk2/Build/EmulatorIA32/DEBUG_VS2022/IA32/CryptoPkg/Library/OpensslLib/OpensslLibCrypto/OUTPUT/openssl/crypto/asn1/a_strex.obj
D:/develop/EDK2/edk2/Build/EmulatorIA32/DEBUG_VS2022/IA32/CryptoPkg/Library/OpensslLib/OpensslLibCrypto/OUTPUT/openssl/crypto/asn1/a_strnid.obj
D:/develop/EDK2/edk2/Build/EmulatorIA32/DEBUG_VS2022/IA32/CryptoPkg/Library/OpensslLib/OpensslLibCrypto/OUTPUT/openssl/crypto/asn1/a_time.obj
D:/develop/EDK2/edk2/Build/EmulatorIA32/DEBUG_VS2022/IA32/CryptoPkg/Library/OpensslLib/OpensslLibCrypto/OUTPUT/openssl/crypto/asn1/a_type.obj
D:/develop/EDK2/edk2/Build/EmulatorIA32/DEBUG_VS2022/IA32/CryptoPkg/Library/OpensslLib/OpensslLibCrypto/OUTPUT/openssl/crypto/asn1/a_utctm.obj
D:/develop/EDK2/edk2/Build/EmulatorIA32/DEBUG_VS2022/IA32/CryptoPkg/Library/OpensslLib/OpensslLibCrypto/OUTPUT/openssl/crypto/asn1/a_utf8.obj
D:/develop/EDK2/edk2/Build/EmulatorIA32/DEBUG_VS2022/IA32/CryptoPkg/Library/OpensslLib/OpensslLibCrypto/OUTPUT/openssl/crypto/asn1/a_verify.obj
D:/develop/EDK2/edk2/Build/EmulatorIA32/DEBUG_VS2022/IA32/CryptoPkg/Library/OpensslLib/OpensslLibCrypto/OUTPUT/openssl/crypto/asn1/ameth_lib.obj
D:/develop/EDK2/edk2/Build/EmulatorIA32/DEBUG_VS2022/IA32/CryptoPkg/Library/OpensslLib/OpensslLibCrypto/OUTPUT/openssl/crypto/asn1/asn1_err.obj
D:/develop/EDK2/edk2/Build/EmulatorIA32/DEBUG_VS2022/IA32/CryptoPkg/Library/OpensslLib/OpensslLibCrypto/OUTPUT/openssl/crypto/asn1/asn1_gen.obj
D:/develop/EDK2/edk2/Build/EmulatorIA32/DEBUG_VS2022/IA32/CryptoPkg/Library/OpensslLib/OpensslLibCrypto/OUTPUT/openssl/crypto/asn1/asn1_item_list.obj
D:/develop/EDK2/edk2/Build/EmulatorIA32/DEBUG_VS2022/IA32/CryptoPkg/Library/OpensslLib/OpensslLibCrypto/OUTPUT/openssl/crypto/asn1/asn1_lib.obj
D:/develop/EDK2/edk2/Build/EmulatorIA32/DEBUG_VS2022/IA32/CryptoPkg/Library/OpensslLib/OpensslLibCrypto/OUTPUT/openssl/crypto/asn1/asn1_parse.obj
D:/develop/EDK2/edk2/Build/EmulatorIA32/DEBUG_VS2022/IA32/CryptoPkg/Library/OpensslLib/OpensslLibCrypto/OUTPUT/openssl/crypto/asn1/asn_mime.obj
D:/develop/EDK2/edk2/Build/EmulatorIA32/DEBUG_VS2022/IA32/CryptoPkg/Library/OpensslLib/OpensslLibCrypto/OUTPUT/openssl/crypto/asn1/asn_moid.obj
D:/develop/EDK2/edk2/Build/EmulatorIA32/DEBUG_VS2022/IA32/CryptoPkg/Library/OpensslLib/OpensslLibCrypto/OUTPUT/openssl/crypto/asn1/asn_mstbl.obj
D:/develop/EDK2/edk2/Build/EmulatorIA32/DEBUG_VS2022/IA32/CryptoPkg/Library/OpensslLib/OpensslLibCrypto/OUTPUT/openssl/crypto/asn1/asn_pack.obj
D:/develop/EDK2/edk2/Build/EmulatorIA32/DEBUG_VS2022/IA32/CryptoPkg/Library/OpensslLib/OpensslLibCrypto/OUTPUT/openssl/crypto/asn1/bio_asn1.obj
D:/develop/EDK2/edk2/Build/EmulatorIA32/DEBUG_VS2022/IA32/CryptoPkg/Library/OpensslLib/OpensslLibCrypto/OUTPUT/openssl/crypto/asn1/bio_ndef.obj
D:/develop/EDK2/edk2/Build/EmulatorIA32/DEBUG_VS2022/IA32/CryptoPkg/Library/OpensslLib/OpensslLibCrypto/OUTPUT/openssl/crypto/asn1/d2i_param.obj
D:/develop/EDK2/edk2/Build/EmulatorIA32/DEBUG_VS2022/IA32/CryptoPkg/Library/OpensslLib/OpensslLibCrypto/OUTPUT/openssl/crypto/asn1/d2i_pr.obj
D:/develop/EDK2/edk2/Build/EmulatorIA32/DEBUG_VS2022/IA32/CryptoPkg/Library/OpensslLib/OpensslLibCrypto/OUTPUT/openssl/crypto/asn1/d2i_pu.obj
D:/develop/EDK2/edk2/Build/EmulatorIA32/DEBUG_VS2022/IA32/CryptoPkg/Library/OpensslLib/OpensslLibCrypto/OUTPUT/openssl/crypto/asn1/evp_asn1.obj
D:/develop/EDK2/edk2/Build/EmulatorIA32/DEBUG_VS2022/IA32/CryptoPkg/Library/OpensslLib/OpensslLibCrypto/OUTPUT/openssl/crypto/asn1/f_int.obj
D:/develop/EDK2/edk2/Build/EmulatorIA32/DEBUG_VS2022/IA32/CryptoPkg/Library/OpensslLib/OpensslLibCrypto/OUTPUT/openssl/crypto/asn1/f_string.obj
D:/develop/EDK2/edk2/Build/EmulatorIA32/DEBUG_VS2022/IA32/CryptoPkg/Library/OpensslLib/OpensslLibCrypto/OUTPUT/openssl/crypto/asn1/i2d_evp.obj
D:/develop/EDK2/edk2/Build/EmulatorIA32/DEBUG_VS2022/IA32/CryptoPkg/Library/OpensslLib/OpensslLibCrypto/OUTPUT/openssl/crypto/asn1/nsseq.obj
D:/develop/EDK2/edk2/Build/EmulatorIA32/DEBUG_VS2022/IA32/CryptoPkg/Library/OpensslLib/OpensslLibCrypto/OUTPUT/openssl/crypto/asn1/p5_pbe.obj
D:/develop/EDK2/edk2/Build/EmulatorIA32/DEBUG_VS2022/IA32/CryptoPkg/Library/OpensslLib/OpensslLibCrypto/OUTPUT/openssl/crypto/asn1/p5_pbev2.obj
D:/develop/EDK2/edk2/Build/EmulatorIA32/DEBUG_VS2022/IA32/CryptoPkg/Library/OpensslLib/OpensslLibCrypto/OUTPUT/openssl/crypto/asn1/p5_scrypt.obj
D:/develop/EDK2/edk2/Build/EmulatorIA32/DEBUG_VS2022/IA32/CryptoPkg/Library/OpensslLib/OpensslLibCrypto/OUTPUT/openssl/crypto/asn1/p8_pkey.obj
D:/develop/EDK2/edk2/Build/EmulatorIA32/DEBUG_VS2022/IA32/CryptoPkg/Library/OpensslLib/OpensslLibCrypto/OUTPUT/openssl/crypto/asn1/t_bitst.obj
D:/develop/EDK2/edk2/Build/EmulatorIA32/DEBUG_VS2022/IA32/CryptoPkg/Library/OpensslLib/OpensslLibCrypto/OUTPUT/openssl/crypto/asn1/t_pkey.obj
D:/develop/EDK2/edk2/Build/EmulatorIA32/DEBUG_VS2022/IA32/CryptoPkg/Library/OpensslLib/OpensslLibCrypto/OUTPUT/openssl/crypto/asn1/t_spki.obj
D:/develop/EDK2/edk2/Build/EmulatorIA32/DEBUG_VS2022/IA32/CryptoPkg/Library/OpensslLib/OpensslLibCrypto/OUTPUT/openssl/crypto/asn1/tasn_dec.obj
D:/develop/EDK2/edk2/Build/EmulatorIA32/DEBUG_VS2022/IA32/CryptoPkg/Library/OpensslLib/OpensslLibCrypto/OUTPUT/openssl/crypto/asn1/tasn_enc.obj
D:/develop/EDK2/edk2/Build/EmulatorIA32/DEBUG_VS2022/IA32/CryptoPkg/Library/OpensslLib/OpensslLibCrypto/OUTPUT/openssl/crypto/asn1/tasn_fre.obj
D:/develop/EDK2/edk2/Build/EmulatorIA32/DEBUG_VS2022/IA32/CryptoPkg/Library/OpensslLib/OpensslLibCrypto/OUTPUT/openssl/crypto/asn1/tasn_new.obj
D:/develop/EDK2/edk2/Build/EmulatorIA32/DEBUG_VS2022/IA32/CryptoPkg/Library/OpensslLib/OpensslLibCrypto/OUTPUT/openssl/crypto/asn1/tasn_prn.obj
D:/develop/EDK2/edk2/Build/EmulatorIA32/DEBUG_VS2022/IA32/CryptoPkg/Library/OpensslLib/OpensslLibCrypto/OUTPUT/openssl/crypto/asn1/tasn_scn.obj
D:/develop/EDK2/edk2/Build/EmulatorIA32/DEBUG_VS2022/IA32/CryptoPkg/Library/OpensslLib/OpensslLibCrypto/OUTPUT/openssl/crypto/asn1/tasn_typ.obj
D:/develop/EDK2/edk2/Build/EmulatorIA32/DEBUG_VS2022/IA32/CryptoPkg/Library/OpensslLib/OpensslLibCrypto/OUTPUT/openssl/crypto/asn1/tasn_utl.obj
D:/develop/EDK2/edk2/Build/EmulatorIA32/DEBUG_VS2022/IA32/CryptoPkg/Library/OpensslLib/OpensslLibCrypto/OUTPUT/openssl/crypto/asn1/x_algor.obj
D:/develop/EDK2/edk2/Build/EmulatorIA32/DEBUG_VS2022/IA32/CryptoPkg/Library/OpensslLib/OpensslLibCrypto/OUTPUT/openssl/crypto/asn1/x_bignum.obj
D:/develop/EDK2/edk2/Build/EmulatorIA32/DEBUG_VS2022/IA32/CryptoPkg/Library/OpensslLib/OpensslLibCrypto/OUTPUT/openssl/crypto/asn1/x_info.obj
D:/develop/EDK2/edk2/Build/EmulatorIA32/DEBUG_VS2022/IA32/CryptoPkg/Library/OpensslLib/OpensslLibCrypto/OUTPUT/openssl/crypto/asn1/x_int64.obj
D:/develop/EDK2/edk2/Build/EmulatorIA32/DEBUG_VS2022/IA32/CryptoPkg/Library/OpensslLib/OpensslLibCrypto/OUTPUT/openssl/crypto/asn1/x_long.obj
D:/develop/EDK2/edk2/Build/EmulatorIA32/DEBUG_VS2022/IA32/CryptoPkg/Library/OpensslLib/OpensslLibCrypto/OUTPUT/openssl/crypto/asn1/x_pkey.obj
D:/develop/EDK2/edk2/Build/EmulatorIA32/DEBUG_VS2022/IA32/CryptoPkg/Library/OpensslLib/OpensslLibCrypto/OUTPUT/openssl/crypto/asn1/x_sig.obj
D:/develop/EDK2/edk2/Build/EmulatorIA32/DEBUG_VS2022/IA32/CryptoPkg/Library/OpensslLib/OpensslLibCrypto/OUTPUT/openssl/crypto/asn1/x_spki.obj
D:/develop/EDK2/edk2/Build/EmulatorIA32/DEBUG_VS2022/IA32/CryptoPkg/Library/OpensslLib/OpensslLibCrypto/OUTPUT/openssl/crypto/asn1/x_val.obj
D:/develop/EDK2/edk2/Build/EmulatorIA32/DEBUG_VS2022/IA32/CryptoPkg/Library/OpensslLib/OpensslLibCrypto/OUTPUT/openssl/crypto/async/arch/async_null.obj
D:/develop/EDK2/edk2/Build/EmulatorIA32/DEBUG_VS2022/IA32/CryptoPkg/Library/OpensslLib/OpensslLibCrypto/OUTPUT/openssl/crypto/async/arch/async_posix.obj
D:/develop/EDK2/edk2/Build/EmulatorIA32/DEBUG_VS2022/IA32/CryptoPkg/Library/OpensslLib/OpensslLibCrypto/OUTPUT/openssl/crypto/async/arch/async_win.obj
D:/develop/EDK2/edk2/Build/EmulatorIA32/DEBUG_VS2022/IA32/CryptoPkg/Library/OpensslLib/OpensslLibCrypto/OUTPUT/openssl/crypto/async/async.obj
D:/develop/EDK2/edk2/Build/EmulatorIA32/DEBUG_VS2022/IA32/CryptoPkg/Library/OpensslLib/OpensslLibCrypto/OUTPUT/openssl/crypto/async/async_err.obj
D:/develop/EDK2/edk2/Build/EmulatorIA32/DEBUG_VS2022/IA32/CryptoPkg/Library/OpensslLib/OpensslLibCrypto/OUTPUT/openssl/crypto/async/async_wait.obj
D:/develop/EDK2/edk2/Build/EmulatorIA32/DEBUG_VS2022/IA32/CryptoPkg/Library/OpensslLib/OpensslLibCrypto/OUTPUT/openssl/crypto/bio/bf_buff.obj
D:/develop/EDK2/edk2/Build/EmulatorIA32/DEBUG_VS2022/IA32/CryptoPkg/Library/OpensslLib/OpensslLibCrypto/OUTPUT/openssl/crypto/bio/bf_lbuf.obj
D:/develop/EDK2/edk2/Build/EmulatorIA32/DEBUG_VS2022/IA32/CryptoPkg/Library/OpensslLib/OpensslLibCrypto/OUTPUT/openssl/crypto/bio/bf_nbio.obj
D:/develop/EDK2/edk2/Build/EmulatorIA32/DEBUG_VS2022/IA32/CryptoPkg/Library/OpensslLib/OpensslLibCrypto/OUTPUT/openssl/crypto/bio/bf_null.obj
D:/develop/EDK2/edk2/Build/EmulatorIA32/DEBUG_VS2022/IA32/CryptoPkg/Library/OpensslLib/OpensslLibCrypto/OUTPUT/openssl/crypto/bio/bf_prefix.obj
D:/develop/EDK2/edk2/Build/EmulatorIA32/DEBUG_VS2022/IA32/CryptoPkg/Library/OpensslLib/OpensslLibCrypto/OUTPUT/openssl/crypto/bio/bf_readbuff.obj
D:/develop/EDK2/edk2/Build/EmulatorIA32/DEBUG_VS2022/IA32/CryptoPkg/Library/OpensslLib/OpensslLibCrypto/OUTPUT/openssl/crypto/bio/bio_addr.obj
D:/develop/EDK2/edk2/Build/EmulatorIA32/DEBUG_VS2022/IA32/CryptoPkg/Library/OpensslLib/OpensslLibCrypto/OUTPUT/openssl/crypto/bio/bio_cb.obj
D:/develop/EDK2/edk2/Build/EmulatorIA32/DEBUG_VS2022/IA32/CryptoPkg/Library/OpensslLib/OpensslLibCrypto/OUTPUT/openssl/crypto/bio/bio_dump.obj
D:/develop/EDK2/edk2/Build/EmulatorIA32/DEBUG_VS2022/IA32/CryptoPkg/Library/OpensslLib/OpensslLibCrypto/OUTPUT/openssl/crypto/bio/bio_err.obj
D:/develop/EDK2/edk2/Build/EmulatorIA32/DEBUG_VS2022/IA32/CryptoPkg/Library/OpensslLib/OpensslLibCrypto/OUTPUT/openssl/crypto/bio/bio_lib.obj
D:/develop/EDK2/edk2/Build/EmulatorIA32/DEBUG_VS2022/IA32/CryptoPkg/Library/OpensslLib/OpensslLibCrypto/OUTPUT/openssl/crypto/bio/bio_meth.obj
D:/develop/EDK2/edk2/Build/EmulatorIA32/DEBUG_VS2022/IA32/CryptoPkg/Library/OpensslLib/OpensslLibCrypto/OUTPUT/openssl/crypto/bio/bio_print.obj
D:/develop/EDK2/edk2/Build/EmulatorIA32/DEBUG_VS2022/IA32/CryptoPkg/Library/OpensslLib/OpensslLibCrypto/OUTPUT/openssl/crypto/bio/bio_sock.obj
D:/develop/EDK2/edk2/Build/EmulatorIA32/DEBUG_VS2022/IA32/CryptoPkg/Library/OpensslLib/OpensslLibCrypto/OUTPUT/openssl/crypto/bio/bio_sock2.obj
D:/develop/EDK2/edk2/Build/EmulatorIA32/DEBUG_VS2022/IA32/CryptoPkg/Library/OpensslLib/OpensslLibCrypto/OUTPUT/openssl/crypto/bio/bss_acpt.obj
D:/develop/EDK2/edk2/Build/EmulatorIA32/DEBUG_VS2022/IA32/CryptoPkg/Library/OpensslLib/OpensslLibCrypto/OUTPUT/openssl/crypto/bio/bss_bio.obj
D:/develop/EDK2/edk2/Build/EmulatorIA32/DEBUG_VS2022/IA32/CryptoPkg/Library/OpensslLib/OpensslLibCrypto/OUTPUT/openssl/crypto/bio/bss_conn.obj
D:/develop/EDK2/edk2/Build/EmulatorIA32/DEBUG_VS2022/IA32/CryptoPkg/Library/OpensslLib/OpensslLibCrypto/OUTPUT/openssl/crypto/bio/bss_core.obj
D:/develop/EDK2/edk2/Build/EmulatorIA32/DEBUG_VS2022/IA32/CryptoPkg/Library/OpensslLib/OpensslLibCrypto/OUTPUT/openssl/crypto/bio/bss_dgram.obj
D:/develop/EDK2/edk2/Build/EmulatorIA32/DEBUG_VS2022/IA32/CryptoPkg/Library/OpensslLib/OpensslLibCrypto/OUTPUT/openssl/crypto/bio/bss_dgram_pair.obj
D:/develop/EDK2/edk2/Build/EmulatorIA32/DEBUG_VS2022/IA32/CryptoPkg/Library/OpensslLib/OpensslLibCrypto/OUTPUT/openssl/crypto/bio/bss_fd.obj
D:/develop/EDK2/edk2/Build/EmulatorIA32/DEBUG_VS2022/IA32/CryptoPkg/Library/OpensslLib/OpensslLibCrypto/OUTPUT/openssl/crypto/bio/bss_file.obj
D:/develop/EDK2/edk2/Build/EmulatorIA32/DEBUG_VS2022/IA32/CryptoPkg/Library/OpensslLib/OpensslLibCrypto/OUTPUT/openssl/crypto/bio/bss_log.obj
D:/develop/EDK2/edk2/Build/EmulatorIA32/DEBUG_VS2022/IA32/CryptoPkg/Library/OpensslLib/OpensslLibCrypto/OUTPUT/openssl/crypto/bio/bss_mem.obj
D:/develop/EDK2/edk2/Build/EmulatorIA32/DEBUG_VS2022/IA32/CryptoPkg/Library/OpensslLib/OpensslLibCrypto/OUTPUT/openssl/crypto/bio/bss_null.obj
D:/develop/EDK2/edk2/Build/EmulatorIA32/DEBUG_VS2022/IA32/CryptoPkg/Library/OpensslLib/OpensslLibCrypto/OUTPUT/openssl/crypto/bio/bss_sock.obj
D:/develop/EDK2/edk2/Build/EmulatorIA32/DEBUG_VS2022/IA32/CryptoPkg/Library/OpensslLib/OpensslLibCrypto/OUTPUT/openssl/crypto/bio/ossl_core_bio.obj
D:/develop/EDK2/edk2/Build/EmulatorIA32/DEBUG_VS2022/IA32/CryptoPkg/Library/OpensslLib/OpensslLibCrypto/OUTPUT/openssl/crypto/bn/bn_add.obj
D:/develop/EDK2/edk2/Build/EmulatorIA32/DEBUG_VS2022/IA32/CryptoPkg/Library/OpensslLib/OpensslLibCrypto/OUTPUT/openssl/crypto/bn/bn_asm.obj
D:/develop/EDK2/edk2/Build/EmulatorIA32/DEBUG_VS2022/IA32/CryptoPkg/Library/OpensslLib/OpensslLibCrypto/OUTPUT/openssl/crypto/bn/bn_blind.obj
D:/develop/EDK2/edk2/Build/EmulatorIA32/DEBUG_VS2022/IA32/CryptoPkg/Library/OpensslLib/OpensslLibCrypto/OUTPUT/openssl/crypto/bn/bn_const.obj
D:/develop/EDK2/edk2/Build/EmulatorIA32/DEBUG_VS2022/IA32/CryptoPkg/Library/OpensslLib/OpensslLibCrypto/OUTPUT/openssl/crypto/bn/bn_conv.obj
D:/develop/EDK2/edk2/Build/EmulatorIA32/DEBUG_VS2022/IA32/CryptoPkg/Library/OpensslLib/OpensslLibCrypto/OUTPUT/openssl/crypto/bn/bn_ctx.obj
D:/develop/EDK2/edk2/Build/EmulatorIA32/DEBUG_VS2022/IA32/CryptoPkg/Library/OpensslLib/OpensslLibCrypto/OUTPUT/openssl/crypto/bn/bn_dh.obj
D:/develop/EDK2/edk2/Build/EmulatorIA32/DEBUG_VS2022/IA32/CryptoPkg/Library/OpensslLib/OpensslLibCrypto/OUTPUT/openssl/crypto/bn/bn_div.obj
D:/develop/EDK2/edk2/Build/EmulatorIA32/DEBUG_VS2022/IA32/CryptoPkg/Library/OpensslLib/OpensslLibCrypto/OUTPUT/openssl/crypto/bn/bn_err.obj
D:/develop/EDK2/edk2/Build/EmulatorIA32/DEBUG_VS2022/IA32/CryptoPkg/Library/OpensslLib/OpensslLibCrypto/OUTPUT/openssl/crypto/bn/bn_exp.obj
D:/develop/EDK2/edk2/Build/EmulatorIA32/DEBUG_VS2022/IA32/CryptoPkg/Library/OpensslLib/OpensslLibCrypto/OUTPUT/openssl/crypto/bn/bn_exp2.obj
D:/develop/EDK2/edk2/Build/EmulatorIA32/DEBUG_VS2022/IA32/CryptoPkg/Library/OpensslLib/OpensslLibCrypto/OUTPUT/openssl/crypto/bn/bn_gcd.obj
D:/develop/EDK2/edk2/Build/EmulatorIA32/DEBUG_VS2022/IA32/CryptoPkg/Library/OpensslLib/OpensslLibCrypto/OUTPUT/openssl/crypto/bn/bn_gf2m.obj
D:/develop/EDK2/edk2/Build/EmulatorIA32/DEBUG_VS2022/IA32/CryptoPkg/Library/OpensslLib/OpensslLibCrypto/OUTPUT/openssl/crypto/bn/bn_intern.obj
D:/develop/EDK2/edk2/Build/EmulatorIA32/DEBUG_VS2022/IA32/CryptoPkg/Library/OpensslLib/OpensslLibCrypto/OUTPUT/openssl/crypto/bn/bn_kron.obj
D:/develop/EDK2/edk2/Build/EmulatorIA32/DEBUG_VS2022/IA32/CryptoPkg/Library/OpensslLib/OpensslLibCrypto/OUTPUT/openssl/crypto/bn/bn_lib.obj
D:/develop/EDK2/edk2/Build/EmulatorIA32/DEBUG_VS2022/IA32/CryptoPkg/Library/OpensslLib/OpensslLibCrypto/OUTPUT/openssl/crypto/bn/bn_mod.obj
D:/develop/EDK2/edk2/Build/EmulatorIA32/DEBUG_VS2022/IA32/CryptoPkg/Library/OpensslLib/OpensslLibCrypto/OUTPUT/openssl/crypto/bn/bn_mont.obj
D:/develop/EDK2/edk2/Build/EmulatorIA32/DEBUG_VS2022/IA32/CryptoPkg/Library/OpensslLib/OpensslLibCrypto/OUTPUT/openssl/crypto/bn/bn_mpi.obj
D:/develop/EDK2/edk2/Build/EmulatorIA32/DEBUG_VS2022/IA32/CryptoPkg/Library/OpensslLib/OpensslLibCrypto/OUTPUT/openssl/crypto/bn/bn_mul.obj
D:/develop/EDK2/edk2/Build/EmulatorIA32/DEBUG_VS2022/IA32/CryptoPkg/Library/OpensslLib/OpensslLibCrypto/OUTPUT/openssl/crypto/bn/bn_nist.obj
D:/develop/EDK2/edk2/Build/EmulatorIA32/DEBUG_VS2022/IA32/CryptoPkg/Library/OpensslLib/OpensslLibCrypto/OUTPUT/openssl/crypto/bn/bn_prime.obj
D:/develop/EDK2/edk2/Build/EmulatorIA32/DEBUG_VS2022/IA32/CryptoPkg/Library/OpensslLib/OpensslLibCrypto/OUTPUT/openssl/crypto/bn/bn_print.obj
D:/develop/EDK2/edk2/Build/EmulatorIA32/DEBUG_VS2022/IA32/CryptoPkg/Library/OpensslLib/OpensslLibCrypto/OUTPUT/openssl/crypto/bn/bn_rand.obj
D:/develop/EDK2/edk2/Build/EmulatorIA32/DEBUG_VS2022/IA32/CryptoPkg/Library/OpensslLib/OpensslLibCrypto/OUTPUT/openssl/crypto/bn/bn_recp.obj
D:/develop/EDK2/edk2/Build/EmulatorIA32/DEBUG_VS2022/IA32/CryptoPkg/Library/OpensslLib/OpensslLibCrypto/OUTPUT/openssl/crypto/bn/bn_rsa_fips186_4.obj
D:/develop/EDK2/edk2/Build/EmulatorIA32/DEBUG_VS2022/IA32/CryptoPkg/Library/OpensslLib/OpensslLibCrypto/OUTPUT/openssl/crypto/bn/bn_shift.obj
D:/develop/EDK2/edk2/Build/EmulatorIA32/DEBUG_VS2022/IA32/CryptoPkg/Library/OpensslLib/OpensslLibCrypto/OUTPUT/openssl/crypto/bn/bn_sqr.obj
D:/develop/EDK2/edk2/Build/EmulatorIA32/DEBUG_VS2022/IA32/CryptoPkg/Library/OpensslLib/OpensslLibCrypto/OUTPUT/openssl/crypto/bn/bn_sqrt.obj
D:/develop/EDK2/edk2/Build/EmulatorIA32/DEBUG_VS2022/IA32/CryptoPkg/Library/OpensslLib/OpensslLibCrypto/OUTPUT/openssl/crypto/bn/bn_srp.obj
D:/develop/EDK2/edk2/Build/EmulatorIA32/DEBUG_VS2022/IA32/CryptoPkg/Library/OpensslLib/OpensslLibCrypto/OUTPUT/openssl/crypto/bn/bn_word.obj
D:/develop/EDK2/edk2/Build/EmulatorIA32/DEBUG_VS2022/IA32/CryptoPkg/Library/OpensslLib/OpensslLibCrypto/OUTPUT/openssl/crypto/bn/bn_x931p.obj
D:/develop/EDK2/edk2/Build/EmulatorIA32/DEBUG_VS2022/IA32/CryptoPkg/Library/OpensslLib/OpensslLibCrypto/OUTPUT/openssl/crypto/buffer/buf_err.obj
D:/develop/EDK2/edk2/Build/EmulatorIA32/DEBUG_VS2022/IA32/CryptoPkg/Library/OpensslLib/OpensslLibCrypto/OUTPUT/openssl/crypto/buffer/buffer.obj
D:/develop/EDK2/edk2/Build/EmulatorIA32/DEBUG_VS2022/IA32/CryptoPkg/Library/OpensslLib/OpensslLibCrypto/OUTPUT/openssl/crypto/comp/c_brotli.obj
D:/develop/EDK2/edk2/Build/EmulatorIA32/DEBUG_VS2022/IA32/CryptoPkg/Library/OpensslLib/OpensslLibCrypto/OUTPUT/openssl/crypto/comp/c_zlib.obj
D:/develop/EDK2/edk2/Build/EmulatorIA32/DEBUG_VS2022/IA32/CryptoPkg/Library/OpensslLib/OpensslLibCrypto/OUTPUT/openssl/crypto/comp/c_zstd.obj
D:/develop/EDK2/edk2/Build/EmulatorIA32/DEBUG_VS2022/IA32/CryptoPkg/Library/OpensslLib/OpensslLibCrypto/OUTPUT/openssl/crypto/comp/comp_err.obj
D:/develop/EDK2/edk2/Build/EmulatorIA32/DEBUG_VS2022/IA32/CryptoPkg/Library/OpensslLib/OpensslLibCrypto/OUTPUT/openssl/crypto/comp/comp_lib.obj
D:/develop/EDK2/edk2/Build/EmulatorIA32/DEBUG_VS2022/IA32/CryptoPkg/Library/OpensslLib/OpensslLibCrypto/OUTPUT/openssl/crypto/conf/conf_api.obj
D:/develop/EDK2/edk2/Build/EmulatorIA32/DEBUG_VS2022/IA32/CryptoPkg/Library/OpensslLib/OpensslLibCrypto/OUTPUT/openssl/crypto/conf/conf_def.obj
D:/develop/EDK2/edk2/Build/EmulatorIA32/DEBUG_VS2022/IA32/CryptoPkg/Library/OpensslLib/OpensslLibCrypto/OUTPUT/openssl/crypto/conf/conf_err.obj
D:/develop/EDK2/edk2/Build/EmulatorIA32/DEBUG_VS2022/IA32/CryptoPkg/Library/OpensslLib/OpensslLibCrypto/OUTPUT/openssl/crypto/conf/conf_lib.obj
D:/develop/EDK2/edk2/Build/EmulatorIA32/DEBUG_VS2022/IA32/CryptoPkg/Library/OpensslLib/OpensslLibCrypto/OUTPUT/openssl/crypto/conf/conf_mall.obj
D:/develop/EDK2/edk2/Build/EmulatorIA32/DEBUG_VS2022/IA32/CryptoPkg/Library/OpensslLib/OpensslLibCrypto/OUTPUT/openssl/crypto/conf/conf_mod.obj
D:/develop/EDK2/edk2/Build/EmulatorIA32/DEBUG_VS2022/IA32/CryptoPkg/Library/OpensslLib/OpensslLibCrypto/OUTPUT/openssl/crypto/conf/conf_sap.obj
D:/develop/EDK2/edk2/Build/EmulatorIA32/DEBUG_VS2022/IA32/CryptoPkg/Library/OpensslLib/OpensslLibCrypto/OUTPUT/openssl/crypto/conf/conf_ssl.obj
D:/develop/EDK2/edk2/Build/EmulatorIA32/DEBUG_VS2022/IA32/CryptoPkg/Library/OpensslLib/OpensslLibCrypto/OUTPUT/openssl/crypto/dh/dh_ameth.obj
D:/develop/EDK2/edk2/Build/EmulatorIA32/DEBUG_VS2022/IA32/CryptoPkg/Library/OpensslLib/OpensslLibCrypto/OUTPUT/openssl/crypto/dh/dh_asn1.obj
D:/develop/EDK2/edk2/Build/EmulatorIA32/DEBUG_VS2022/IA32/CryptoPkg/Library/OpensslLib/OpensslLibCrypto/OUTPUT/openssl/crypto/dh/dh_backend.obj
D:/develop/EDK2/edk2/Build/EmulatorIA32/DEBUG_VS2022/IA32/CryptoPkg/Library/OpensslLib/OpensslLibCrypto/OUTPUT/openssl/crypto/dh/dh_check.obj
D:/develop/EDK2/edk2/Build/EmulatorIA32/DEBUG_VS2022/IA32/CryptoPkg/Library/OpensslLib/OpensslLibCrypto/OUTPUT/openssl/crypto/dh/dh_err.obj
D:/develop/EDK2/edk2/Build/EmulatorIA32/DEBUG_VS2022/IA32/CryptoPkg/Library/OpensslLib/OpensslLibCrypto/OUTPUT/openssl/crypto/dh/dh_gen.obj
D:/develop/EDK2/edk2/Build/EmulatorIA32/DEBUG_VS2022/IA32/CryptoPkg/Library/OpensslLib/OpensslLibCrypto/OUTPUT/openssl/crypto/dh/dh_group_params.obj
D:/develop/EDK2/edk2/Build/EmulatorIA32/DEBUG_VS2022/IA32/CryptoPkg/Library/OpensslLib/OpensslLibCrypto/OUTPUT/openssl/crypto/dh/dh_kdf.obj
D:/develop/EDK2/edk2/Build/EmulatorIA32/DEBUG_VS2022/IA32/CryptoPkg/Library/OpensslLib/OpensslLibCrypto/OUTPUT/openssl/crypto/dh/dh_key.obj
D:/develop/EDK2/edk2/Build/EmulatorIA32/DEBUG_VS2022/IA32/CryptoPkg/Library/OpensslLib/OpensslLibCrypto/OUTPUT/openssl/crypto/dh/dh_lib.obj
D:/develop/EDK2/edk2/Build/EmulatorIA32/DEBUG_VS2022/IA32/CryptoPkg/Library/OpensslLib/OpensslLibCrypto/OUTPUT/openssl/crypto/dh/dh_meth.obj
D:/develop/EDK2/edk2/Build/EmulatorIA32/DEBUG_VS2022/IA32/CryptoPkg/Library/OpensslLib/OpensslLibCrypto/OUTPUT/openssl/crypto/dh/dh_pmeth.obj
D:/develop/EDK2/edk2/Build/EmulatorIA32/DEBUG_VS2022/IA32/CryptoPkg/Library/OpensslLib/OpensslLibCrypto/OUTPUT/openssl/crypto/dh/dh_prn.obj
D:/develop/EDK2/edk2/Build/EmulatorIA32/DEBUG_VS2022/IA32/CryptoPkg/Library/OpensslLib/OpensslLibCrypto/OUTPUT/openssl/crypto/dh/dh_rfc5114.obj
D:/develop/EDK2/edk2/Build/EmulatorIA32/DEBUG_VS2022/IA32/CryptoPkg/Library/OpensslLib/OpensslLibCrypto/OUTPUT/openssl/crypto/dso/dso_dl.obj
D:/develop/EDK2/edk2/Build/EmulatorIA32/DEBUG_VS2022/IA32/CryptoPkg/Library/OpensslLib/OpensslLibCrypto/OUTPUT/openssl/crypto/dso/dso_dlfcn.obj
D:/develop/EDK2/edk2/Build/EmulatorIA32/DEBUG_VS2022/IA32/CryptoPkg/Library/OpensslLib/OpensslLibCrypto/OUTPUT/openssl/crypto/dso/dso_err.obj
D:/develop/EDK2/edk2/Build/EmulatorIA32/DEBUG_VS2022/IA32/CryptoPkg/Library/OpensslLib/OpensslLibCrypto/OUTPUT/openssl/crypto/dso/dso_lib.obj
D:/develop/EDK2/edk2/Build/EmulatorIA32/DEBUG_VS2022/IA32/CryptoPkg/Library/OpensslLib/OpensslLibCrypto/OUTPUT/openssl/crypto/dso/dso_openssl.obj
D:/develop/EDK2/edk2/Build/EmulatorIA32/DEBUG_VS2022/IA32/CryptoPkg/Library/OpensslLib/OpensslLibCrypto/OUTPUT/openssl/crypto/dso/dso_vms.obj
D:/develop/EDK2/edk2/Build/EmulatorIA32/DEBUG_VS2022/IA32/CryptoPkg/Library/OpensslLib/OpensslLibCrypto/OUTPUT/openssl/crypto/dso/dso_win32.obj
D:/develop/EDK2/edk2/Build/EmulatorIA32/DEBUG_VS2022/IA32/CryptoPkg/Library/OpensslLib/OpensslLibCrypto/OUTPUT/openssl/crypto/encode_decode/decoder_err.obj
D:/develop/EDK2/edk2/Build/EmulatorIA32/DEBUG_VS2022/IA32/CryptoPkg/Library/OpensslLib/OpensslLibCrypto/OUTPUT/openssl/crypto/encode_decode/decoder_lib.obj
D:/develop/EDK2/edk2/Build/EmulatorIA32/DEBUG_VS2022/IA32/CryptoPkg/Library/OpensslLib/OpensslLibCrypto/OUTPUT/openssl/crypto/encode_decode/decoder_meth.obj
D:/develop/EDK2/edk2/Build/EmulatorIA32/DEBUG_VS2022/IA32/CryptoPkg/Library/OpensslLib/OpensslLibCrypto/OUTPUT/openssl/crypto/encode_decode/decoder_pkey.obj
D:/develop/EDK2/edk2/Build/EmulatorIA32/DEBUG_VS2022/IA32/CryptoPkg/Library/OpensslLib/OpensslLibCrypto/OUTPUT/openssl/crypto/err/err.obj
D:/develop/EDK2/edk2/Build/EmulatorIA32/DEBUG_VS2022/IA32/CryptoPkg/Library/OpensslLib/OpensslLibCrypto/OUTPUT/openssl/crypto/err/err_all.obj
D:/develop/EDK2/edk2/Build/EmulatorIA32/DEBUG_VS2022/IA32/CryptoPkg/Library/OpensslLib/OpensslLibCrypto/OUTPUT/openssl/crypto/err/err_all_legacy.obj
D:/develop/EDK2/edk2/Build/EmulatorIA32/DEBUG_VS2022/IA32/CryptoPkg/Library/OpensslLib/OpensslLibCrypto/OUTPUT/openssl/crypto/err/err_blocks.obj
D:/develop/EDK2/edk2/Build/EmulatorIA32/DEBUG_VS2022/IA32/CryptoPkg/Library/OpensslLib/OpensslLibCrypto/OUTPUT/openssl/crypto/err/err_mark.obj
D:/develop/EDK2/edk2/Build/EmulatorIA32/DEBUG_VS2022/IA32/CryptoPkg/Library/OpensslLib/OpensslLibCrypto/OUTPUT/openssl/crypto/err/err_prn.obj
D:/develop/EDK2/edk2/Build/EmulatorIA32/DEBUG_VS2022/IA32/CryptoPkg/Library/OpensslLib/OpensslLibCrypto/OUTPUT/openssl/crypto/err/err_save.obj
D:/develop/EDK2/edk2/Build/EmulatorIA32/DEBUG_VS2022/IA32/CryptoPkg/Library/OpensslLib/OpensslLibCrypto/OUTPUT/openssl/crypto/ess/ess_asn1.obj
D:/develop/EDK2/edk2/Build/EmulatorIA32/DEBUG_VS2022/IA32/CryptoPkg/Library/OpensslLib/OpensslLibCrypto/OUTPUT/openssl/crypto/ess/ess_err.obj
D:/develop/EDK2/edk2/Build/EmulatorIA32/DEBUG_VS2022/IA32/CryptoPkg/Library/OpensslLib/OpensslLibCrypto/OUTPUT/openssl/crypto/ess/ess_lib.obj
D:/develop/EDK2/edk2/Build/EmulatorIA32/DEBUG_VS2022/IA32/CryptoPkg/Library/OpensslLib/OpensslLibCrypto/OUTPUT/openssl/crypto/evp/asymcipher.obj
D:/develop/EDK2/edk2/Build/EmulatorIA32/DEBUG_VS2022/IA32/CryptoPkg/Library/OpensslLib/OpensslLibCrypto/OUTPUT/openssl/crypto/evp/bio_b64.obj
D:/develop/EDK2/edk2/Build/EmulatorIA32/DEBUG_VS2022/IA32/CryptoPkg/Library/OpensslLib/OpensslLibCrypto/OUTPUT/openssl/crypto/evp/bio_enc.obj
D:/develop/EDK2/edk2/Build/EmulatorIA32/DEBUG_VS2022/IA32/CryptoPkg/Library/OpensslLib/OpensslLibCrypto/OUTPUT/openssl/crypto/evp/bio_md.obj
D:/develop/EDK2/edk2/Build/EmulatorIA32/DEBUG_VS2022/IA32/CryptoPkg/Library/OpensslLib/OpensslLibCrypto/OUTPUT/openssl/crypto/evp/bio_ok.obj
D:/develop/EDK2/edk2/Build/EmulatorIA32/DEBUG_VS2022/IA32/CryptoPkg/Library/OpensslLib/OpensslLibCrypto/OUTPUT/openssl/crypto/evp/c_allc.obj
D:/develop/EDK2/edk2/Build/EmulatorIA32/DEBUG_VS2022/IA32/CryptoPkg/Library/OpensslLib/OpensslLibCrypto/OUTPUT/openssl/crypto/evp/c_alld.obj
D:/develop/EDK2/edk2/Build/EmulatorIA32/DEBUG_VS2022/IA32/CryptoPkg/Library/OpensslLib/OpensslLibCrypto/OUTPUT/openssl/crypto/evp/cmeth_lib.obj
D:/develop/EDK2/edk2/Build/EmulatorIA32/DEBUG_VS2022/IA32/CryptoPkg/Library/OpensslLib/OpensslLibCrypto/OUTPUT/openssl/crypto/evp/ctrl_params_translate.obj
D:/develop/EDK2/edk2/Build/EmulatorIA32/DEBUG_VS2022/IA32/CryptoPkg/Library/OpensslLib/OpensslLibCrypto/OUTPUT/openssl/crypto/evp/dh_ctrl.obj
D:/develop/EDK2/edk2/Build/EmulatorIA32/DEBUG_VS2022/IA32/CryptoPkg/Library/OpensslLib/OpensslLibCrypto/OUTPUT/openssl/crypto/evp/dh_support.obj
D:/develop/EDK2/edk2/Build/EmulatorIA32/DEBUG_VS2022/IA32/CryptoPkg/Library/OpensslLib/OpensslLibCrypto/OUTPUT/openssl/crypto/evp/digest.obj
D:/develop/EDK2/edk2/Build/EmulatorIA32/DEBUG_VS2022/IA32/CryptoPkg/Library/OpensslLib/OpensslLibCrypto/OUTPUT/openssl/crypto/evp/dsa_ctrl.obj
D:/develop/EDK2/edk2/Build/EmulatorIA32/DEBUG_VS2022/IA32/CryptoPkg/Library/OpensslLib/OpensslLibCrypto/OUTPUT/openssl/crypto/evp/e_aes.obj
D:/develop/EDK2/edk2/Build/EmulatorIA32/DEBUG_VS2022/IA32/CryptoPkg/Library/OpensslLib/OpensslLibCrypto/OUTPUT/openssl/crypto/evp/e_aes_cbc_hmac_sha1.obj
D:/develop/EDK2/edk2/Build/EmulatorIA32/DEBUG_VS2022/IA32/CryptoPkg/Library/OpensslLib/OpensslLibCrypto/OUTPUT/openssl/crypto/evp/e_aes_cbc_hmac_sha256.obj
D:/develop/EDK2/edk2/Build/EmulatorIA32/DEBUG_VS2022/IA32/CryptoPkg/Library/OpensslLib/OpensslLibCrypto/OUTPUT/openssl/crypto/evp/e_aria.obj
D:/develop/EDK2/edk2/Build/EmulatorIA32/DEBUG_VS2022/IA32/CryptoPkg/Library/OpensslLib/OpensslLibCrypto/OUTPUT/openssl/crypto/evp/e_bf.obj
D:/develop/EDK2/edk2/Build/EmulatorIA32/DEBUG_VS2022/IA32/CryptoPkg/Library/OpensslLib/OpensslLibCrypto/OUTPUT/openssl/crypto/evp/e_cast.obj
D:/develop/EDK2/edk2/Build/EmulatorIA32/DEBUG_VS2022/IA32/CryptoPkg/Library/OpensslLib/OpensslLibCrypto/OUTPUT/openssl/crypto/evp/e_chacha20_poly1305.obj
D:/develop/EDK2/edk2/Build/EmulatorIA32/DEBUG_VS2022/IA32/CryptoPkg/Library/OpensslLib/OpensslLibCrypto/OUTPUT/openssl/crypto/evp/e_des.obj
D:/develop/EDK2/edk2/Build/EmulatorIA32/DEBUG_VS2022/IA32/CryptoPkg/Library/OpensslLib/OpensslLibCrypto/OUTPUT/openssl/crypto/evp/e_des3.obj
D:/develop/EDK2/edk2/Build/EmulatorIA32/DEBUG_VS2022/IA32/CryptoPkg/Library/OpensslLib/OpensslLibCrypto/OUTPUT/openssl/crypto/evp/e_idea.obj
D:/develop/EDK2/edk2/Build/EmulatorIA32/DEBUG_VS2022/IA32/CryptoPkg/Library/OpensslLib/OpensslLibCrypto/OUTPUT/openssl/crypto/evp/e_null.obj
D:/develop/EDK2/edk2/Build/EmulatorIA32/DEBUG_VS2022/IA32/CryptoPkg/Library/OpensslLib/OpensslLibCrypto/OUTPUT/openssl/crypto/evp/e_rc2.obj
D:/develop/EDK2/edk2/Build/EmulatorIA32/DEBUG_VS2022/IA32/CryptoPkg/Library/OpensslLib/OpensslLibCrypto/OUTPUT/openssl/crypto/evp/e_rc4.obj
D:/develop/EDK2/edk2/Build/EmulatorIA32/DEBUG_VS2022/IA32/CryptoPkg/Library/OpensslLib/OpensslLibCrypto/OUTPUT/openssl/crypto/evp/e_rc4_hmac_md5.obj
D:/develop/EDK2/edk2/Build/EmulatorIA32/DEBUG_VS2022/IA32/CryptoPkg/Library/OpensslLib/OpensslLibCrypto/OUTPUT/openssl/crypto/evp/e_rc5.obj
D:/develop/EDK2/edk2/Build/EmulatorIA32/DEBUG_VS2022/IA32/CryptoPkg/Library/OpensslLib/OpensslLibCrypto/OUTPUT/openssl/crypto/evp/e_sm4.obj
D:/develop/EDK2/edk2/Build/EmulatorIA32/DEBUG_VS2022/IA32/CryptoPkg/Library/OpensslLib/OpensslLibCrypto/OUTPUT/openssl/crypto/evp/e_xcbc_d.obj
D:/develop/EDK2/edk2/Build/EmulatorIA32/DEBUG_VS2022/IA32/CryptoPkg/Library/OpensslLib/OpensslLibCrypto/OUTPUT/openssl/crypto/evp/ec_ctrl.obj
D:/develop/EDK2/edk2/Build/EmulatorIA32/DEBUG_VS2022/IA32/CryptoPkg/Library/OpensslLib/OpensslLibCrypto/OUTPUT/openssl/crypto/evp/ec_support.obj
D:/develop/EDK2/edk2/Build/EmulatorIA32/DEBUG_VS2022/IA32/CryptoPkg/Library/OpensslLib/OpensslLibCrypto/OUTPUT/openssl/crypto/evp/encode.obj
D:/develop/EDK2/edk2/Build/EmulatorIA32/DEBUG_VS2022/IA32/CryptoPkg/Library/OpensslLib/OpensslLibCrypto/OUTPUT/openssl/crypto/evp/evp_cnf.obj
D:/develop/EDK2/edk2/Build/EmulatorIA32/DEBUG_VS2022/IA32/CryptoPkg/Library/OpensslLib/OpensslLibCrypto/OUTPUT/openssl/crypto/evp/evp_enc.obj
D:/develop/EDK2/edk2/Build/EmulatorIA32/DEBUG_VS2022/IA32/CryptoPkg/Library/OpensslLib/OpensslLibCrypto/OUTPUT/openssl/crypto/evp/evp_err.obj
D:/develop/EDK2/edk2/Build/EmulatorIA32/DEBUG_VS2022/IA32/CryptoPkg/Library/OpensslLib/OpensslLibCrypto/OUTPUT/openssl/crypto/evp/evp_fetch.obj
D:/develop/EDK2/edk2/Build/EmulatorIA32/DEBUG_VS2022/IA32/CryptoPkg/Library/OpensslLib/OpensslLibCrypto/OUTPUT/openssl/crypto/evp/evp_key.obj
D:/develop/EDK2/edk2/Build/EmulatorIA32/DEBUG_VS2022/IA32/CryptoPkg/Library/OpensslLib/OpensslLibCrypto/OUTPUT/openssl/crypto/evp/evp_lib.obj
D:/develop/EDK2/edk2/Build/EmulatorIA32/DEBUG_VS2022/IA32/CryptoPkg/Library/OpensslLib/OpensslLibCrypto/OUTPUT/openssl/crypto/evp/evp_pbe.obj
D:/develop/EDK2/edk2/Build/EmulatorIA32/DEBUG_VS2022/IA32/CryptoPkg/Library/OpensslLib/OpensslLibCrypto/OUTPUT/openssl/crypto/evp/evp_pkey.obj
D:/develop/EDK2/edk2/Build/EmulatorIA32/DEBUG_VS2022/IA32/CryptoPkg/Library/OpensslLib/OpensslLibCrypto/OUTPUT/openssl/crypto/evp/evp_rand.obj
D:/develop/EDK2/edk2/Build/EmulatorIA32/DEBUG_VS2022/IA32/CryptoPkg/Library/OpensslLib/OpensslLibCrypto/OUTPUT/openssl/crypto/evp/evp_utils.obj
D:/develop/EDK2/edk2/Build/EmulatorIA32/DEBUG_VS2022/IA32/CryptoPkg/Library/OpensslLib/OpensslLibCrypto/OUTPUT/openssl/crypto/evp/exchange.obj
D:/develop/EDK2/edk2/Build/EmulatorIA32/DEBUG_VS2022/IA32/CryptoPkg/Library/OpensslLib/OpensslLibCrypto/OUTPUT/openssl/crypto/evp/kdf_lib.obj
D:/develop/EDK2/edk2/Build/EmulatorIA32/DEBUG_VS2022/IA32/CryptoPkg/Library/OpensslLib/OpensslLibCrypto/OUTPUT/openssl/crypto/evp/kdf_meth.obj
D:/develop/EDK2/edk2/Build/EmulatorIA32/DEBUG_VS2022/IA32/CryptoPkg/Library/OpensslLib/OpensslLibCrypto/OUTPUT/openssl/crypto/evp/kem.obj
D:/develop/EDK2/edk2/Build/EmulatorIA32/DEBUG_VS2022/IA32/CryptoPkg/Library/OpensslLib/OpensslLibCrypto/OUTPUT/openssl/crypto/evp/keymgmt_lib.obj
D:/develop/EDK2/edk2/Build/EmulatorIA32/DEBUG_VS2022/IA32/CryptoPkg/Library/OpensslLib/OpensslLibCrypto/OUTPUT/openssl/crypto/evp/keymgmt_meth.obj
D:/develop/EDK2/edk2/Build/EmulatorIA32/DEBUG_VS2022/IA32/CryptoPkg/Library/OpensslLib/OpensslLibCrypto/OUTPUT/openssl/crypto/evp/legacy_md5.obj
D:/develop/EDK2/edk2/Build/EmulatorIA32/DEBUG_VS2022/IA32/CryptoPkg/Library/OpensslLib/OpensslLibCrypto/OUTPUT/openssl/crypto/evp/legacy_md5_sha1.obj
D:/develop/EDK2/edk2/Build/EmulatorIA32/DEBUG_VS2022/IA32/CryptoPkg/Library/OpensslLib/OpensslLibCrypto/OUTPUT/openssl/crypto/evp/legacy_sha.obj
D:/develop/EDK2/edk2/Build/EmulatorIA32/DEBUG_VS2022/IA32/CryptoPkg/Library/OpensslLib/OpensslLibCrypto/OUTPUT/openssl/crypto/evp/m_null.obj
D:/develop/EDK2/edk2/Build/EmulatorIA32/DEBUG_VS2022/IA32/CryptoPkg/Library/OpensslLib/OpensslLibCrypto/OUTPUT/openssl/crypto/evp/m_sigver.obj
D:/develop/EDK2/edk2/Build/EmulatorIA32/DEBUG_VS2022/IA32/CryptoPkg/Library/OpensslLib/OpensslLibCrypto/OUTPUT/openssl/crypto/evp/mac_lib.obj
D:/develop/EDK2/edk2/Build/EmulatorIA32/DEBUG_VS2022/IA32/CryptoPkg/Library/OpensslLib/OpensslLibCrypto/OUTPUT/openssl/crypto/evp/mac_meth.obj
D:/develop/EDK2/edk2/Build/EmulatorIA32/DEBUG_VS2022/IA32/CryptoPkg/Library/OpensslLib/OpensslLibCrypto/OUTPUT/openssl/crypto/evp/names.obj
D:/develop/EDK2/edk2/Build/EmulatorIA32/DEBUG_VS2022/IA32/CryptoPkg/Library/OpensslLib/OpensslLibCrypto/OUTPUT/openssl/crypto/evp/p5_crpt.obj
D:/develop/EDK2/edk2/Build/EmulatorIA32/DEBUG_VS2022/IA32/CryptoPkg/Library/OpensslLib/OpensslLibCrypto/OUTPUT/openssl/crypto/evp/p5_crpt2.obj
D:/develop/EDK2/edk2/Build/EmulatorIA32/DEBUG_VS2022/IA32/CryptoPkg/Library/OpensslLib/OpensslLibCrypto/OUTPUT/openssl/crypto/evp/p_dec.obj
D:/develop/EDK2/edk2/Build/EmulatorIA32/DEBUG_VS2022/IA32/CryptoPkg/Library/OpensslLib/OpensslLibCrypto/OUTPUT/openssl/crypto/evp/p_enc.obj
D:/develop/EDK2/edk2/Build/EmulatorIA32/DEBUG_VS2022/IA32/CryptoPkg/Library/OpensslLib/OpensslLibCrypto/OUTPUT/openssl/crypto/evp/p_legacy.obj
D:/develop/EDK2/edk2/Build/EmulatorIA32/DEBUG_VS2022/IA32/CryptoPkg/Library/OpensslLib/OpensslLibCrypto/OUTPUT/openssl/crypto/evp/p_lib.obj
D:/develop/EDK2/edk2/Build/EmulatorIA32/DEBUG_VS2022/IA32/CryptoPkg/Library/OpensslLib/OpensslLibCrypto/OUTPUT/openssl/crypto/evp/p_open.obj
D:/develop/EDK2/edk2/Build/EmulatorIA32/DEBUG_VS2022/IA32/CryptoPkg/Library/OpensslLib/OpensslLibCrypto/OUTPUT/openssl/crypto/evp/p_seal.obj
D:/develop/EDK2/edk2/Build/EmulatorIA32/DEBUG_VS2022/IA32/CryptoPkg/Library/OpensslLib/OpensslLibCrypto/OUTPUT/openssl/crypto/evp/p_sign.obj
D:/develop/EDK2/edk2/Build/EmulatorIA32/DEBUG_VS2022/IA32/CryptoPkg/Library/OpensslLib/OpensslLibCrypto/OUTPUT/openssl/crypto/evp/p_verify.obj
D:/develop/EDK2/edk2/Build/EmulatorIA32/DEBUG_VS2022/IA32/CryptoPkg/Library/OpensslLib/OpensslLibCrypto/OUTPUT/openssl/crypto/evp/pbe_scrypt.obj
D:/develop/EDK2/edk2/Build/EmulatorIA32/DEBUG_VS2022/IA32/CryptoPkg/Library/OpensslLib/OpensslLibCrypto/OUTPUT/openssl/crypto/evp/pmeth_check.obj
D:/develop/EDK2/edk2/Build/EmulatorIA32/DEBUG_VS2022/IA32/CryptoPkg/Library/OpensslLib/OpensslLibCrypto/OUTPUT/openssl/crypto/evp/pmeth_gn.obj
D:/develop/EDK2/edk2/Build/EmulatorIA32/DEBUG_VS2022/IA32/CryptoPkg/Library/OpensslLib/OpensslLibCrypto/OUTPUT/openssl/crypto/evp/pmeth_lib.obj
D:/develop/EDK2/edk2/Build/EmulatorIA32/DEBUG_VS2022/IA32/CryptoPkg/Library/OpensslLib/OpensslLibCrypto/OUTPUT/openssl/crypto/evp/s_lib.obj
D:/develop/EDK2/edk2/Build/EmulatorIA32/DEBUG_VS2022/IA32/CryptoPkg/Library/OpensslLib/OpensslLibCrypto/OUTPUT/openssl/crypto/evp/signature.obj
D:/develop/EDK2/edk2/Build/EmulatorIA32/DEBUG_VS2022/IA32/CryptoPkg/Library/OpensslLib/OpensslLibCrypto/OUTPUT/openssl/crypto/evp/skeymgmt_meth.obj
D:/develop/EDK2/edk2/Build/EmulatorIA32/DEBUG_VS2022/IA32/CryptoPkg/Library/OpensslLib/OpensslLibCrypto/OUTPUT/openssl/crypto/ffc/ffc_backend.obj
D:/develop/EDK2/edk2/Build/EmulatorIA32/DEBUG_VS2022/IA32/CryptoPkg/Library/OpensslLib/OpensslLibCrypto/OUTPUT/openssl/crypto/ffc/ffc_dh.obj
D:/develop/EDK2/edk2/Build/EmulatorIA32/DEBUG_VS2022/IA32/CryptoPkg/Library/OpensslLib/OpensslLibCrypto/OUTPUT/openssl/crypto/ffc/ffc_key_generate.obj
D:/develop/EDK2/edk2/Build/EmulatorIA32/DEBUG_VS2022/IA32/CryptoPkg/Library/OpensslLib/OpensslLibCrypto/OUTPUT/openssl/crypto/ffc/ffc_key_validate.obj
D:/develop/EDK2/edk2/Build/EmulatorIA32/DEBUG_VS2022/IA32/CryptoPkg/Library/OpensslLib/OpensslLibCrypto/OUTPUT/openssl/crypto/ffc/ffc_params.obj
D:/develop/EDK2/edk2/Build/EmulatorIA32/DEBUG_VS2022/IA32/CryptoPkg/Library/OpensslLib/OpensslLibCrypto/OUTPUT/openssl/crypto/ffc/ffc_params_generate.obj
D:/develop/EDK2/edk2/Build/EmulatorIA32/DEBUG_VS2022/IA32/CryptoPkg/Library/OpensslLib/OpensslLibCrypto/OUTPUT/openssl/crypto/ffc/ffc_params_validate.obj
D:/develop/EDK2/edk2/Build/EmulatorIA32/DEBUG_VS2022/IA32/CryptoPkg/Library/OpensslLib/OpensslLibCrypto/OUTPUT/openssl/crypto/hashtable/hashfunc.obj
D:/develop/EDK2/edk2/Build/EmulatorIA32/DEBUG_VS2022/IA32/CryptoPkg/Library/OpensslLib/OpensslLibCrypto/OUTPUT/openssl/crypto/hashtable/hashtable.obj
D:/develop/EDK2/edk2/Build/EmulatorIA32/DEBUG_VS2022/IA32/CryptoPkg/Library/OpensslLib/OpensslLibCrypto/OUTPUT/openssl/crypto/hmac/hmac.obj
D:/develop/EDK2/edk2/Build/EmulatorIA32/DEBUG_VS2022/IA32/CryptoPkg/Library/OpensslLib/OpensslLibCrypto/OUTPUT/openssl/crypto/hpke/hpke.obj
D:/develop/EDK2/edk2/Build/EmulatorIA32/DEBUG_VS2022/IA32/CryptoPkg/Library/OpensslLib/OpensslLibCrypto/OUTPUT/openssl/crypto/hpke/hpke_util.obj
D:/develop/EDK2/edk2/Build/EmulatorIA32/DEBUG_VS2022/IA32/CryptoPkg/Library/OpensslLib/OpensslLibCrypto/OUTPUT/openssl/crypto/http/http_client.obj
D:/develop/EDK2/edk2/Build/EmulatorIA32/DEBUG_VS2022/IA32/CryptoPkg/Library/OpensslLib/OpensslLibCrypto/OUTPUT/openssl/crypto/http/http_err.obj
D:/develop/EDK2/edk2/Build/EmulatorIA32/DEBUG_VS2022/IA32/CryptoPkg/Library/OpensslLib/OpensslLibCrypto/OUTPUT/openssl/crypto/http/http_lib.obj
D:/develop/EDK2/edk2/Build/EmulatorIA32/DEBUG_VS2022/IA32/CryptoPkg/Library/OpensslLib/OpensslLibCrypto/OUTPUT/openssl/crypto/kdf/kdf_err.obj
D:/develop/EDK2/edk2/Build/EmulatorIA32/DEBUG_VS2022/IA32/CryptoPkg/Library/OpensslLib/OpensslLibCrypto/OUTPUT/openssl/crypto/lhash/lh_stats.obj
D:/develop/EDK2/edk2/Build/EmulatorIA32/DEBUG_VS2022/IA32/CryptoPkg/Library/OpensslLib/OpensslLibCrypto/OUTPUT/openssl/crypto/lhash/lhash.obj
D:/develop/EDK2/edk2/Build/EmulatorIA32/DEBUG_VS2022/IA32/CryptoPkg/Library/OpensslLib/OpensslLibCrypto/OUTPUT/openssl/crypto/asn1_dsa.obj
D:/develop/EDK2/edk2/Build/EmulatorIA32/DEBUG_VS2022/IA32/CryptoPkg/Library/OpensslLib/OpensslLibCrypto/OUTPUT/openssl/crypto/bsearch.obj
D:/develop/EDK2/edk2/Build/EmulatorIA32/DEBUG_VS2022/IA32/CryptoPkg/Library/OpensslLib/OpensslLibCrypto/OUTPUT/openssl/crypto/comp_methods.obj
D:/develop/EDK2/edk2/Build/EmulatorIA32/DEBUG_VS2022/IA32/CryptoPkg/Library/OpensslLib/OpensslLibCrypto/OUTPUT/openssl/crypto/context.obj
D:/develop/EDK2/edk2/Build/EmulatorIA32/DEBUG_VS2022/IA32/CryptoPkg/Library/OpensslLib/OpensslLibCrypto/OUTPUT/openssl/crypto/core_algorithm.obj
D:/develop/EDK2/edk2/Build/EmulatorIA32/DEBUG_VS2022/IA32/CryptoPkg/Library/OpensslLib/OpensslLibCrypto/OUTPUT/openssl/crypto/core_fetch.obj
D:/develop/EDK2/edk2/Build/EmulatorIA32/DEBUG_VS2022/IA32/CryptoPkg/Library/OpensslLib/OpensslLibCrypto/OUTPUT/openssl/crypto/core_namemap.obj
D:/develop/EDK2/edk2/Build/EmulatorIA32/DEBUG_VS2022/IA32/CryptoPkg/Library/OpensslLib/OpensslLibCrypto/OUTPUT/openssl/crypto/cpt_err.obj
D:/develop/EDK2/edk2/Build/EmulatorIA32/DEBUG_VS2022/IA32/CryptoPkg/Library/OpensslLib/OpensslLibCrypto/OUTPUT/openssl/crypto/cpuid.obj
D:/develop/EDK2/edk2/Build/EmulatorIA32/DEBUG_VS2022/IA32/CryptoPkg/Library/OpensslLib/OpensslLibCrypto/OUTPUT/openssl/crypto/cryptlib.obj
D:/develop/EDK2/edk2/Build/EmulatorIA32/DEBUG_VS2022/IA32/CryptoPkg/Library/OpensslLib/OpensslLibCrypto/OUTPUT/openssl/crypto/ctype.obj
D:/develop/EDK2/edk2/Build/EmulatorIA32/DEBUG_VS2022/IA32/CryptoPkg/Library/OpensslLib/OpensslLibCrypto/OUTPUT/openssl/crypto/cversion.obj
D:/develop/EDK2/edk2/Build/EmulatorIA32/DEBUG_VS2022/IA32/CryptoPkg/Library/OpensslLib/OpensslLibCrypto/OUTPUT/openssl/crypto/defaults.obj
D:/develop/EDK2/edk2/Build/EmulatorIA32/DEBUG_VS2022/IA32/CryptoPkg/Library/OpensslLib/OpensslLibCrypto/OUTPUT/openssl/crypto/der_writer.obj
D:/develop/EDK2/edk2/Build/EmulatorIA32/DEBUG_VS2022/IA32/CryptoPkg/Library/OpensslLib/OpensslLibCrypto/OUTPUT/openssl/crypto/deterministic_nonce.obj
D:/develop/EDK2/edk2/Build/EmulatorIA32/DEBUG_VS2022/IA32/CryptoPkg/Library/OpensslLib/OpensslLibCrypto/OUTPUT/openssl/crypto/ebcdic.obj
D:/develop/EDK2/edk2/Build/EmulatorIA32/DEBUG_VS2022/IA32/CryptoPkg/Library/OpensslLib/OpensslLibCrypto/OUTPUT/openssl/crypto/ex_data.obj
D:/develop/EDK2/edk2/Build/EmulatorIA32/DEBUG_VS2022/IA32/CryptoPkg/Library/OpensslLib/OpensslLibCrypto/OUTPUT/openssl/crypto/getenv.obj
D:/develop/EDK2/edk2/Build/EmulatorIA32/DEBUG_VS2022/IA32/CryptoPkg/Library/OpensslLib/OpensslLibCrypto/OUTPUT/openssl/crypto/indicator_core.obj
D:/develop/EDK2/edk2/Build/EmulatorIA32/DEBUG_VS2022/IA32/CryptoPkg/Library/OpensslLib/OpensslLibCrypto/OUTPUT/openssl/crypto/info.obj
D:/develop/EDK2/edk2/Build/EmulatorIA32/DEBUG_VS2022/IA32/CryptoPkg/Library/OpensslLib/OpensslLibCrypto/OUTPUT/openssl/crypto/init.obj
D:/develop/EDK2/edk2/Build/EmulatorIA32/DEBUG_VS2022/IA32/CryptoPkg/Library/OpensslLib/OpensslLibCrypto/OUTPUT/openssl/crypto/initthread.obj
D:/develop/EDK2/edk2/Build/EmulatorIA32/DEBUG_VS2022/IA32/CryptoPkg/Library/OpensslLib/OpensslLibCrypto/OUTPUT/openssl/crypto/mem.obj
D:/develop/EDK2/edk2/Build/EmulatorIA32/DEBUG_VS2022/IA32/CryptoPkg/Library/OpensslLib/OpensslLibCrypto/OUTPUT/openssl/crypto/mem_clr.obj
D:/develop/EDK2/edk2/Build/EmulatorIA32/DEBUG_VS2022/IA32/CryptoPkg/Library/OpensslLib/OpensslLibCrypto/OUTPUT/openssl/crypto/mem_sec.obj
D:/develop/EDK2/edk2/Build/EmulatorIA32/DEBUG_VS2022/IA32/CryptoPkg/Library/OpensslLib/OpensslLibCrypto/OUTPUT/openssl/crypto/o_dir.obj
D:/develop/EDK2/edk2/Build/EmulatorIA32/DEBUG_VS2022/IA32/CryptoPkg/Library/OpensslLib/OpensslLibCrypto/OUTPUT/openssl/crypto/o_fopen.obj
D:/develop/EDK2/edk2/Build/EmulatorIA32/DEBUG_VS2022/IA32/CryptoPkg/Library/OpensslLib/OpensslLibCrypto/OUTPUT/openssl/crypto/o_init.obj
D:/develop/EDK2/edk2/Build/EmulatorIA32/DEBUG_VS2022/IA32/CryptoPkg/Library/OpensslLib/OpensslLibCrypto/OUTPUT/openssl/crypto/o_str.obj
D:/develop/EDK2/edk2/Build/EmulatorIA32/DEBUG_VS2022/IA32/CryptoPkg/Library/OpensslLib/OpensslLibCrypto/OUTPUT/openssl/crypto/o_time.obj
D:/develop/EDK2/edk2/Build/EmulatorIA32/DEBUG_VS2022/IA32/CryptoPkg/Library/OpensslLib/OpensslLibCrypto/OUTPUT/openssl/crypto/packet.obj
D:/develop/EDK2/edk2/Build/EmulatorIA32/DEBUG_VS2022/IA32/CryptoPkg/Library/OpensslLib/OpensslLibCrypto/OUTPUT/openssl/crypto/param_build.obj
D:/develop/EDK2/edk2/Build/EmulatorIA32/DEBUG_VS2022/IA32/CryptoPkg/Library/OpensslLib/OpensslLibCrypto/OUTPUT/openssl/crypto/param_build_set.obj
D:/develop/EDK2/edk2/Build/EmulatorIA32/DEBUG_VS2022/IA32/CryptoPkg/Library/OpensslLib/OpensslLibCrypto/OUTPUT/openssl/crypto/params.obj
D:/develop/EDK2/edk2/Build/EmulatorIA32/DEBUG_VS2022/IA32/CryptoPkg/Library/OpensslLib/OpensslLibCrypto/OUTPUT/openssl/crypto/params_dup.obj
D:/develop/EDK2/edk2/Build/EmulatorIA32/DEBUG_VS2022/IA32/CryptoPkg/Library/OpensslLib/OpensslLibCrypto/OUTPUT/openssl/crypto/params_from_text.obj
D:/develop/EDK2/edk2/Build/EmulatorIA32/DEBUG_VS2022/IA32/CryptoPkg/Library/OpensslLib/OpensslLibCrypto/OUTPUT/openssl/crypto/passphrase.obj
D:/develop/EDK2/edk2/Build/EmulatorIA32/DEBUG_VS2022/IA32/CryptoPkg/Library/OpensslLib/OpensslLibCrypto/OUTPUT/openssl/crypto/provider.obj
D:/develop/EDK2/edk2/Build/EmulatorIA32/DEBUG_VS2022/IA32/CryptoPkg/Library/OpensslLib/OpensslLibCrypto/OUTPUT/openssl/crypto/provider_child.obj
D:/develop/EDK2/edk2/Build/EmulatorIA32/DEBUG_VS2022/IA32/CryptoPkg/Library/OpensslLib/OpensslLibCrypto/OUTPUT/openssl/crypto/provider_conf.obj
D:/develop/EDK2/edk2/Build/EmulatorIA32/DEBUG_VS2022/IA32/CryptoPkg/Library/OpensslLib/OpensslLibCrypto/OUTPUT/openssl/crypto/provider_core.obj
D:/develop/EDK2/edk2/Build/EmulatorIA32/DEBUG_VS2022/IA32/CryptoPkg/Library/OpensslLib/OpensslLibCrypto/OUTPUT/openssl/crypto/punycode.obj
D:/develop/EDK2/edk2/Build/EmulatorIA32/DEBUG_VS2022/IA32/CryptoPkg/Library/OpensslLib/OpensslLibCrypto/OUTPUT/openssl/crypto/quic_vlint.obj
D:/develop/EDK2/edk2/Build/EmulatorIA32/DEBUG_VS2022/IA32/CryptoPkg/Library/OpensslLib/OpensslLibCrypto/OUTPUT/openssl/crypto/self_test_core.obj
D:/develop/EDK2/edk2/Build/EmulatorIA32/DEBUG_VS2022/IA32/CryptoPkg/Library/OpensslLib/OpensslLibCrypto/OUTPUT/openssl/crypto/sleep.obj
D:/develop/EDK2/edk2/Build/EmulatorIA32/DEBUG_VS2022/IA32/CryptoPkg/Library/OpensslLib/OpensslLibCrypto/OUTPUT/openssl/crypto/sparse_array.obj
D:/develop/EDK2/edk2/Build/EmulatorIA32/DEBUG_VS2022/IA32/CryptoPkg/Library/OpensslLib/OpensslLibCrypto/OUTPUT/openssl/crypto/ssl_err.obj
D:/develop/EDK2/edk2/Build/EmulatorIA32/DEBUG_VS2022/IA32/CryptoPkg/Library/OpensslLib/OpensslLibCrypto/OUTPUT/openssl/crypto/threads_lib.obj
D:/develop/EDK2/edk2/Build/EmulatorIA32/DEBUG_VS2022/IA32/CryptoPkg/Library/OpensslLib/OpensslLibCrypto/OUTPUT/openssl/crypto/threads_none.obj
D:/develop/EDK2/edk2/Build/EmulatorIA32/DEBUG_VS2022/IA32/CryptoPkg/Library/OpensslLib/OpensslLibCrypto/OUTPUT/openssl/crypto/threads_pthread.obj
D:/develop/EDK2/edk2/Build/EmulatorIA32/DEBUG_VS2022/IA32/CryptoPkg/Library/OpensslLib/OpensslLibCrypto/OUTPUT/openssl/crypto/threads_win.obj
D:/develop/EDK2/edk2/Build/EmulatorIA32/DEBUG_VS2022/IA32/CryptoPkg/Library/OpensslLib/OpensslLibCrypto/OUTPUT/openssl/crypto/time.obj
D:/develop/EDK2/edk2/Build/EmulatorIA32/DEBUG_VS2022/IA32/CryptoPkg/Library/OpensslLib/OpensslLibCrypto/OUTPUT/openssl/crypto/trace.obj
D:/develop/EDK2/edk2/Build/EmulatorIA32/DEBUG_VS2022/IA32/CryptoPkg/Library/OpensslLib/OpensslLibCrypto/OUTPUT/openssl/crypto/uid.obj
D:/develop/EDK2/edk2/Build/EmulatorIA32/DEBUG_VS2022/IA32/CryptoPkg/Library/OpensslLib/OpensslLibCrypto/OUTPUT/openssl/crypto/md5/md5_dgst.obj
D:/develop/EDK2/edk2/Build/EmulatorIA32/DEBUG_VS2022/IA32/CryptoPkg/Library/OpensslLib/OpensslLibCrypto/OUTPUT/openssl/crypto/md5/md5_one.obj
D:/develop/EDK2/edk2/Build/EmulatorIA32/DEBUG_VS2022/IA32/CryptoPkg/Library/OpensslLib/OpensslLibCrypto/OUTPUT/openssl/crypto/md5/md5_sha1.obj
D:/develop/EDK2/edk2/Build/EmulatorIA32/DEBUG_VS2022/IA32/CryptoPkg/Library/OpensslLib/OpensslLibCrypto/OUTPUT/openssl/crypto/modes/cbc128.obj
D:/develop/EDK2/edk2/Build/EmulatorIA32/DEBUG_VS2022/IA32/CryptoPkg/Library/OpensslLib/OpensslLibCrypto/OUTPUT/openssl/crypto/modes/ccm128.obj
D:/develop/EDK2/edk2/Build/EmulatorIA32/DEBUG_VS2022/IA32/CryptoPkg/Library/OpensslLib/OpensslLibCrypto/OUTPUT/openssl/crypto/modes/cfb128.obj
D:/develop/EDK2/edk2/Build/EmulatorIA32/DEBUG_VS2022/IA32/CryptoPkg/Library/OpensslLib/OpensslLibCrypto/OUTPUT/openssl/crypto/modes/ctr128.obj
D:/develop/EDK2/edk2/Build/EmulatorIA32/DEBUG_VS2022/IA32/CryptoPkg/Library/OpensslLib/OpensslLibCrypto/OUTPUT/openssl/crypto/modes/cts128.obj
D:/develop/EDK2/edk2/Build/EmulatorIA32/DEBUG_VS2022/IA32/CryptoPkg/Library/OpensslLib/OpensslLibCrypto/OUTPUT/openssl/crypto/modes/gcm128.obj
D:/develop/EDK2/edk2/Build/EmulatorIA32/DEBUG_VS2022/IA32/CryptoPkg/Library/OpensslLib/OpensslLibCrypto/OUTPUT/openssl/crypto/modes/ocb128.obj
D:/develop/EDK2/edk2/Build/EmulatorIA32/DEBUG_VS2022/IA32/CryptoPkg/Library/OpensslLib/OpensslLibCrypto/OUTPUT/openssl/crypto/modes/ofb128.obj
D:/develop/EDK2/edk2/Build/EmulatorIA32/DEBUG_VS2022/IA32/CryptoPkg/Library/OpensslLib/OpensslLibCrypto/OUTPUT/openssl/crypto/modes/siv128.obj
D:/develop/EDK2/edk2/Build/EmulatorIA32/DEBUG_VS2022/IA32/CryptoPkg/Library/OpensslLib/OpensslLibCrypto/OUTPUT/openssl/crypto/modes/wrap128.obj
D:/develop/EDK2/edk2/Build/EmulatorIA32/DEBUG_VS2022/IA32/CryptoPkg/Library/OpensslLib/OpensslLibCrypto/OUTPUT/openssl/crypto/modes/xts128.obj
D:/develop/EDK2/edk2/Build/EmulatorIA32/DEBUG_VS2022/IA32/CryptoPkg/Library/OpensslLib/OpensslLibCrypto/OUTPUT/openssl/crypto/modes/xts128gb.obj
D:/develop/EDK2/edk2/Build/EmulatorIA32/DEBUG_VS2022/IA32/CryptoPkg/Library/OpensslLib/OpensslLibCrypto/OUTPUT/openssl/crypto/objects/o_names.obj
D:/develop/EDK2/edk2/Build/EmulatorIA32/DEBUG_VS2022/IA32/CryptoPkg/Library/OpensslLib/OpensslLibCrypto/OUTPUT/openssl/crypto/objects/obj_dat.obj
D:/develop/EDK2/edk2/Build/EmulatorIA32/DEBUG_VS2022/IA32/CryptoPkg/Library/OpensslLib/OpensslLibCrypto/OUTPUT/openssl/crypto/objects/obj_err.obj
D:/develop/EDK2/edk2/Build/EmulatorIA32/DEBUG_VS2022/IA32/CryptoPkg/Library/OpensslLib/OpensslLibCrypto/OUTPUT/openssl/crypto/objects/obj_lib.obj
D:/develop/EDK2/edk2/Build/EmulatorIA32/DEBUG_VS2022/IA32/CryptoPkg/Library/OpensslLib/OpensslLibCrypto/OUTPUT/openssl/crypto/objects/obj_xref.obj
D:/develop/EDK2/edk2/Build/EmulatorIA32/DEBUG_VS2022/IA32/CryptoPkg/Library/OpensslLib/OpensslLibCrypto/OUTPUT/openssl/crypto/pem/pem_all.obj
D:/develop/EDK2/edk2/Build/EmulatorIA32/DEBUG_VS2022/IA32/CryptoPkg/Library/OpensslLib/OpensslLibCrypto/OUTPUT/openssl/crypto/pem/pem_err.obj
D:/develop/EDK2/edk2/Build/EmulatorIA32/DEBUG_VS2022/IA32/CryptoPkg/Library/OpensslLib/OpensslLibCrypto/OUTPUT/openssl/crypto/pem/pem_info.obj
D:/develop/EDK2/edk2/Build/EmulatorIA32/DEBUG_VS2022/IA32/CryptoPkg/Library/OpensslLib/OpensslLibCrypto/OUTPUT/openssl/crypto/pem/pem_lib.obj
D:/develop/EDK2/edk2/Build/EmulatorIA32/DEBUG_VS2022/IA32/CryptoPkg/Library/OpensslLib/OpensslLibCrypto/OUTPUT/openssl/crypto/pem/pem_oth.obj
D:/develop/EDK2/edk2/Build/EmulatorIA32/DEBUG_VS2022/IA32/CryptoPkg/Library/OpensslLib/OpensslLibCrypto/OUTPUT/openssl/crypto/pem/pem_pk8.obj
D:/develop/EDK2/edk2/Build/EmulatorIA32/DEBUG_VS2022/IA32/CryptoPkg/Library/OpensslLib/OpensslLibCrypto/OUTPUT/openssl/crypto/pem/pem_pkey.obj
D:/develop/EDK2/edk2/Build/EmulatorIA32/DEBUG_VS2022/IA32/CryptoPkg/Library/OpensslLib/OpensslLibCrypto/OUTPUT/openssl/crypto/pem/pem_sign.obj
D:/develop/EDK2/edk2/Build/EmulatorIA32/DEBUG_VS2022/IA32/CryptoPkg/Library/OpensslLib/OpensslLibCrypto/OUTPUT/openssl/crypto/pem/pem_x509.obj
D:/develop/EDK2/edk2/Build/EmulatorIA32/DEBUG_VS2022/IA32/CryptoPkg/Library/OpensslLib/OpensslLibCrypto/OUTPUT/openssl/crypto/pem/pem_xaux.obj
D:/develop/EDK2/edk2/Build/EmulatorIA32/DEBUG_VS2022/IA32/CryptoPkg/Library/OpensslLib/OpensslLibCrypto/OUTPUT/openssl/crypto/pem/pvkfmt.obj
D:/develop/EDK2/edk2/Build/EmulatorIA32/DEBUG_VS2022/IA32/CryptoPkg/Library/OpensslLib/OpensslLibCrypto/OUTPUT/openssl/crypto/pkcs12/p12_add.obj
D:/develop/EDK2/edk2/Build/EmulatorIA32/DEBUG_VS2022/IA32/CryptoPkg/Library/OpensslLib/OpensslLibCrypto/OUTPUT/openssl/crypto/pkcs12/p12_asn.obj
D:/develop/EDK2/edk2/Build/EmulatorIA32/DEBUG_VS2022/IA32/CryptoPkg/Library/OpensslLib/OpensslLibCrypto/OUTPUT/openssl/crypto/pkcs12/p12_attr.obj
D:/develop/EDK2/edk2/Build/EmulatorIA32/DEBUG_VS2022/IA32/CryptoPkg/Library/OpensslLib/OpensslLibCrypto/OUTPUT/openssl/crypto/pkcs12/p12_crpt.obj
D:/develop/EDK2/edk2/Build/EmulatorIA32/DEBUG_VS2022/IA32/CryptoPkg/Library/OpensslLib/OpensslLibCrypto/OUTPUT/openssl/crypto/pkcs12/p12_crt.obj
D:/develop/EDK2/edk2/Build/EmulatorIA32/DEBUG_VS2022/IA32/CryptoPkg/Library/OpensslLib/OpensslLibCrypto/OUTPUT/openssl/crypto/pkcs12/p12_decr.obj
D:/develop/EDK2/edk2/Build/EmulatorIA32/DEBUG_VS2022/IA32/CryptoPkg/Library/OpensslLib/OpensslLibCrypto/OUTPUT/openssl/crypto/pkcs12/p12_init.obj
D:/develop/EDK2/edk2/Build/EmulatorIA32/DEBUG_VS2022/IA32/CryptoPkg/Library/OpensslLib/OpensslLibCrypto/OUTPUT/openssl/crypto/pkcs12/p12_key.obj
D:/develop/EDK2/edk2/Build/EmulatorIA32/DEBUG_VS2022/IA32/CryptoPkg/Library/OpensslLib/OpensslLibCrypto/OUTPUT/openssl/crypto/pkcs12/p12_kiss.obj
D:/develop/EDK2/edk2/Build/EmulatorIA32/DEBUG_VS2022/IA32/CryptoPkg/Library/OpensslLib/OpensslLibCrypto/OUTPUT/openssl/crypto/pkcs12/p12_mutl.obj
D:/develop/EDK2/edk2/Build/EmulatorIA32/DEBUG_VS2022/IA32/CryptoPkg/Library/OpensslLib/OpensslLibCrypto/OUTPUT/openssl/crypto/pkcs12/p12_npas.obj
D:/develop/EDK2/edk2/Build/EmulatorIA32/DEBUG_VS2022/IA32/CryptoPkg/Library/OpensslLib/OpensslLibCrypto/OUTPUT/openssl/crypto/pkcs12/p12_p8d.obj
D:/develop/EDK2/edk2/Build/EmulatorIA32/DEBUG_VS2022/IA32/CryptoPkg/Library/OpensslLib/OpensslLibCrypto/OUTPUT/openssl/crypto/pkcs12/p12_p8e.obj
D:/develop/EDK2/edk2/Build/EmulatorIA32/DEBUG_VS2022/IA32/CryptoPkg/Library/OpensslLib/OpensslLibCrypto/OUTPUT/openssl/crypto/pkcs12/p12_sbag.obj
D:/develop/EDK2/edk2/Build/EmulatorIA32/DEBUG_VS2022/IA32/CryptoPkg/Library/OpensslLib/OpensslLibCrypto/OUTPUT/openssl/crypto/pkcs12/p12_utl.obj
D:/develop/EDK2/edk2/Build/EmulatorIA32/DEBUG_VS2022/IA32/CryptoPkg/Library/OpensslLib/OpensslLibCrypto/OUTPUT/openssl/crypto/pkcs12/pk12err.obj
D:/develop/EDK2/edk2/Build/EmulatorIA32/DEBUG_VS2022/IA32/CryptoPkg/Library/OpensslLib/OpensslLibCrypto/OUTPUT/openssl/crypto/pkcs7/bio_pk7.obj
D:/develop/EDK2/edk2/Build/EmulatorIA32/DEBUG_VS2022/IA32/CryptoPkg/Library/OpensslLib/OpensslLibCrypto/OUTPUT/openssl/crypto/pkcs7/pk7_asn1.obj
D:/develop/EDK2/edk2/Build/EmulatorIA32/DEBUG_VS2022/IA32/CryptoPkg/Library/OpensslLib/OpensslLibCrypto/OUTPUT/openssl/crypto/pkcs7/pk7_attr.obj
D:/develop/EDK2/edk2/Build/EmulatorIA32/DEBUG_VS2022/IA32/CryptoPkg/Library/OpensslLib/OpensslLibCrypto/OUTPUT/openssl/crypto/pkcs7/pk7_doit.obj
D:/develop/EDK2/edk2/Build/EmulatorIA32/DEBUG_VS2022/IA32/CryptoPkg/Library/OpensslLib/OpensslLibCrypto/OUTPUT/openssl/crypto/pkcs7/pk7_lib.obj
D:/develop/EDK2/edk2/Build/EmulatorIA32/DEBUG_VS2022/IA32/CryptoPkg/Library/OpensslLib/OpensslLibCrypto/OUTPUT/openssl/crypto/pkcs7/pk7_mime.obj
D:/develop/EDK2/edk2/Build/EmulatorIA32/DEBUG_VS2022/IA32/CryptoPkg/Library/OpensslLib/OpensslLibCrypto/OUTPUT/openssl/crypto/pkcs7/pk7_smime.obj
D:/develop/EDK2/edk2/Build/EmulatorIA32/DEBUG_VS2022/IA32/CryptoPkg/Library/OpensslLib/OpensslLibCrypto/OUTPUT/openssl/crypto/pkcs7/pkcs7err.obj
D:/develop/EDK2/edk2/Build/EmulatorIA32/DEBUG_VS2022/IA32/CryptoPkg/Library/OpensslLib/OpensslLibCrypto/OUTPUT/openssl/crypto/property/defn_cache.obj
D:/develop/EDK2/edk2/Build/EmulatorIA32/DEBUG_VS2022/IA32/CryptoPkg/Library/OpensslLib/OpensslLibCrypto/OUTPUT/openssl/crypto/property/property.obj
D:/develop/EDK2/edk2/Build/EmulatorIA32/DEBUG_VS2022/IA32/CryptoPkg/Library/OpensslLib/OpensslLibCrypto/OUTPUT/openssl/crypto/property/property_err.obj
D:/develop/EDK2/edk2/Build/EmulatorIA32/DEBUG_VS2022/IA32/CryptoPkg/Library/OpensslLib/OpensslLibCrypto/OUTPUT/openssl/crypto/property/property_parse.obj
D:/develop/EDK2/edk2/Build/EmulatorIA32/DEBUG_VS2022/IA32/CryptoPkg/Library/OpensslLib/OpensslLibCrypto/OUTPUT/openssl/crypto/property/property_query.obj
D:/develop/EDK2/edk2/Build/EmulatorIA32/DEBUG_VS2022/IA32/CryptoPkg/Library/OpensslLib/OpensslLibCrypto/OUTPUT/openssl/crypto/property/property_string.obj
D:/develop/EDK2/edk2/Build/EmulatorIA32/DEBUG_VS2022/IA32/CryptoPkg/Library/OpensslLib/OpensslLibCrypto/OUTPUT/openssl/crypto/rand/prov_seed.obj
D:/develop/EDK2/edk2/Build/EmulatorIA32/DEBUG_VS2022/IA32/CryptoPkg/Library/OpensslLib/OpensslLibCrypto/OUTPUT/openssl/crypto/rand/rand_deprecated.obj
D:/develop/EDK2/edk2/Build/EmulatorIA32/DEBUG_VS2022/IA32/CryptoPkg/Library/OpensslLib/OpensslLibCrypto/OUTPUT/openssl/crypto/rand/rand_err.obj
D:/develop/EDK2/edk2/Build/EmulatorIA32/DEBUG_VS2022/IA32/CryptoPkg/Library/OpensslLib/OpensslLibCrypto/OUTPUT/openssl/crypto/rand/rand_lib.obj
D:/develop/EDK2/edk2/Build/EmulatorIA32/DEBUG_VS2022/IA32/CryptoPkg/Library/OpensslLib/OpensslLibCrypto/OUTPUT/openssl/crypto/rand/rand_meth.obj
D:/develop/EDK2/edk2/Build/EmulatorIA32/DEBUG_VS2022/IA32/CryptoPkg/Library/OpensslLib/OpensslLibCrypto/OUTPUT/openssl/crypto/rand/rand_pool.obj
D:/develop/EDK2/edk2/Build/EmulatorIA32/DEBUG_VS2022/IA32/CryptoPkg/Library/OpensslLib/OpensslLibCrypto/OUTPUT/openssl/crypto/rand/rand_uniform.obj
D:/develop/EDK2/edk2/Build/EmulatorIA32/DEBUG_VS2022/IA32/CryptoPkg/Library/OpensslLib/OpensslLibCrypto/OUTPUT/openssl/crypto/rsa/rsa_ameth.obj
D:/develop/EDK2/edk2/Build/EmulatorIA32/DEBUG_VS2022/IA32/CryptoPkg/Library/OpensslLib/OpensslLibCrypto/OUTPUT/openssl/crypto/rsa/rsa_asn1.obj
D:/develop/EDK2/edk2/Build/EmulatorIA32/DEBUG_VS2022/IA32/CryptoPkg/Library/OpensslLib/OpensslLibCrypto/OUTPUT/openssl/crypto/rsa/rsa_backend.obj
D:/develop/EDK2/edk2/Build/EmulatorIA32/DEBUG_VS2022/IA32/CryptoPkg/Library/OpensslLib/OpensslLibCrypto/OUTPUT/openssl/crypto/rsa/rsa_chk.obj
D:/develop/EDK2/edk2/Build/EmulatorIA32/DEBUG_VS2022/IA32/CryptoPkg/Library/OpensslLib/OpensslLibCrypto/OUTPUT/openssl/crypto/rsa/rsa_crpt.obj
D:/develop/EDK2/edk2/Build/EmulatorIA32/DEBUG_VS2022/IA32/CryptoPkg/Library/OpensslLib/OpensslLibCrypto/OUTPUT/openssl/crypto/rsa/rsa_err.obj
D:/develop/EDK2/edk2/Build/EmulatorIA32/DEBUG_VS2022/IA32/CryptoPkg/Library/OpensslLib/OpensslLibCrypto/OUTPUT/openssl/crypto/rsa/rsa_gen.obj
D:/develop/EDK2/edk2/Build/EmulatorIA32/DEBUG_VS2022/IA32/CryptoPkg/Library/OpensslLib/OpensslLibCrypto/OUTPUT/openssl/crypto/rsa/rsa_lib.obj
D:/develop/EDK2/edk2/Build/EmulatorIA32/DEBUG_VS2022/IA32/CryptoPkg/Library/OpensslLib/OpensslLibCrypto/OUTPUT/openssl/crypto/rsa/rsa_meth.obj
D:/develop/EDK2/edk2/Build/EmulatorIA32/DEBUG_VS2022/IA32/CryptoPkg/Library/OpensslLib/OpensslLibCrypto/OUTPUT/openssl/crypto/rsa/rsa_mp.obj
D:/develop/EDK2/edk2/Build/EmulatorIA32/DEBUG_VS2022/IA32/CryptoPkg/Library/OpensslLib/OpensslLibCrypto/OUTPUT/openssl/crypto/rsa/rsa_mp_names.obj
D:/develop/EDK2/edk2/Build/EmulatorIA32/DEBUG_VS2022/IA32/CryptoPkg/Library/OpensslLib/OpensslLibCrypto/OUTPUT/openssl/crypto/rsa/rsa_none.obj
D:/develop/EDK2/edk2/Build/EmulatorIA32/DEBUG_VS2022/IA32/CryptoPkg/Library/OpensslLib/OpensslLibCrypto/OUTPUT/openssl/crypto/rsa/rsa_oaep.obj
D:/develop/EDK2/edk2/Build/EmulatorIA32/DEBUG_VS2022/IA32/CryptoPkg/Library/OpensslLib/OpensslLibCrypto/OUTPUT/openssl/crypto/rsa/rsa_ossl.obj
D:/develop/EDK2/edk2/Build/EmulatorIA32/DEBUG_VS2022/IA32/CryptoPkg/Library/OpensslLib/OpensslLibCrypto/OUTPUT/openssl/crypto/rsa/rsa_pk1.obj
D:/develop/EDK2/edk2/Build/EmulatorIA32/DEBUG_VS2022/IA32/CryptoPkg/Library/OpensslLib/OpensslLibCrypto/OUTPUT/openssl/crypto/rsa/rsa_pmeth.obj
D:/develop/EDK2/edk2/Build/EmulatorIA32/DEBUG_VS2022/IA32/CryptoPkg/Library/OpensslLib/OpensslLibCrypto/OUTPUT/openssl/crypto/rsa/rsa_prn.obj
D:/develop/EDK2/edk2/Build/EmulatorIA32/DEBUG_VS2022/IA32/CryptoPkg/Library/OpensslLib/OpensslLibCrypto/OUTPUT/openssl/crypto/rsa/rsa_pss.obj
D:/develop/EDK2/edk2/Build/EmulatorIA32/DEBUG_VS2022/IA32/CryptoPkg/Library/OpensslLib/OpensslLibCrypto/OUTPUT/openssl/crypto/rsa/rsa_saos.obj
D:/develop/EDK2/edk2/Build/EmulatorIA32/DEBUG_VS2022/IA32/CryptoPkg/Library/OpensslLib/OpensslLibCrypto/OUTPUT/openssl/crypto/rsa/rsa_schemes.obj
D:/develop/EDK2/edk2/Build/EmulatorIA32/DEBUG_VS2022/IA32/CryptoPkg/Library/OpensslLib/OpensslLibCrypto/OUTPUT/openssl/crypto/rsa/rsa_sign.obj
D:/develop/EDK2/edk2/Build/EmulatorIA32/DEBUG_VS2022/IA32/CryptoPkg/Library/OpensslLib/OpensslLibCrypto/OUTPUT/openssl/crypto/rsa/rsa_sp800_56b_check.obj
D:/develop/EDK2/edk2/Build/EmulatorIA32/DEBUG_VS2022/IA32/CryptoPkg/Library/OpensslLib/OpensslLibCrypto/OUTPUT/openssl/crypto/rsa/rsa_sp800_56b_gen.obj
D:/develop/EDK2/edk2/Build/EmulatorIA32/DEBUG_VS2022/IA32/CryptoPkg/Library/OpensslLib/OpensslLibCrypto/OUTPUT/openssl/crypto/rsa/rsa_x931.obj
D:/develop/EDK2/edk2/Build/EmulatorIA32/DEBUG_VS2022/IA32/CryptoPkg/Library/OpensslLib/OpensslLibCrypto/OUTPUT/openssl/crypto/rsa/rsa_x931g.obj
D:/develop/EDK2/edk2/Build/EmulatorIA32/DEBUG_VS2022/IA32/CryptoPkg/Library/OpensslLib/OpensslLibCrypto/OUTPUT/openssl/crypto/sha/keccak1600.obj
D:/develop/EDK2/edk2/Build/EmulatorIA32/DEBUG_VS2022/IA32/CryptoPkg/Library/OpensslLib/OpensslLibCrypto/OUTPUT/openssl/crypto/sha/sha1_one.obj
D:/develop/EDK2/edk2/Build/EmulatorIA32/DEBUG_VS2022/IA32/CryptoPkg/Library/OpensslLib/OpensslLibCrypto/OUTPUT/openssl/crypto/sha/sha1dgst.obj
D:/develop/EDK2/edk2/Build/EmulatorIA32/DEBUG_VS2022/IA32/CryptoPkg/Library/OpensslLib/OpensslLibCrypto/OUTPUT/openssl/crypto/sha/sha256.obj
D:/develop/EDK2/edk2/Build/EmulatorIA32/DEBUG_VS2022/IA32/CryptoPkg/Library/OpensslLib/OpensslLibCrypto/OUTPUT/openssl/crypto/sha/sha3.obj
D:/develop/EDK2/edk2/Build/EmulatorIA32/DEBUG_VS2022/IA32/CryptoPkg/Library/OpensslLib/OpensslLibCrypto/OUTPUT/openssl/crypto/sha/sha512.obj
D:/develop/EDK2/edk2/Build/EmulatorIA32/DEBUG_VS2022/IA32/CryptoPkg/Library/OpensslLib/OpensslLibCrypto/OUTPUT/openssl/crypto/sm3/legacy_sm3.obj
D:/develop/EDK2/edk2/Build/EmulatorIA32/DEBUG_VS2022/IA32/CryptoPkg/Library/OpensslLib/OpensslLibCrypto/OUTPUT/openssl/crypto/sm3/sm3.obj
D:/develop/EDK2/edk2/Build/EmulatorIA32/DEBUG_VS2022/IA32/CryptoPkg/Library/OpensslLib/OpensslLibCrypto/OUTPUT/openssl/crypto/stack/stack.obj
D:/develop/EDK2/edk2/Build/EmulatorIA32/DEBUG_VS2022/IA32/CryptoPkg/Library/OpensslLib/OpensslLibCrypto/OUTPUT/openssl/crypto/thread/arch/thread_win.obj
D:/develop/EDK2/edk2/Build/EmulatorIA32/DEBUG_VS2022/IA32/CryptoPkg/Library/OpensslLib/OpensslLibCrypto/OUTPUT/openssl/crypto/thread/api.obj
D:/develop/EDK2/edk2/Build/EmulatorIA32/DEBUG_VS2022/IA32/CryptoPkg/Library/OpensslLib/OpensslLibCrypto/OUTPUT/openssl/crypto/txt_db/txt_db.obj
D:/develop/EDK2/edk2/Build/EmulatorIA32/DEBUG_VS2022/IA32/CryptoPkg/Library/OpensslLib/OpensslLibCrypto/OUTPUT/openssl/crypto/ui/ui_err.obj
D:/develop/EDK2/edk2/Build/EmulatorIA32/DEBUG_VS2022/IA32/CryptoPkg/Library/OpensslLib/OpensslLibCrypto/OUTPUT/openssl/crypto/ui/ui_lib.obj
D:/develop/EDK2/edk2/Build/EmulatorIA32/DEBUG_VS2022/IA32/CryptoPkg/Library/OpensslLib/OpensslLibCrypto/OUTPUT/openssl/crypto/ui/ui_null.obj
D:/develop/EDK2/edk2/Build/EmulatorIA32/DEBUG_VS2022/IA32/CryptoPkg/Library/OpensslLib/OpensslLibCrypto/OUTPUT/openssl/crypto/ui/ui_openssl.obj
D:/develop/EDK2/edk2/Build/EmulatorIA32/DEBUG_VS2022/IA32/CryptoPkg/Library/OpensslLib/OpensslLibCrypto/OUTPUT/openssl/crypto/ui/ui_util.obj
D:/develop/EDK2/edk2/Build/EmulatorIA32/DEBUG_VS2022/IA32/CryptoPkg/Library/OpensslLib/OpensslLibCrypto/OUTPUT/openssl/crypto/x509/by_dir.obj
D:/develop/EDK2/edk2/Build/EmulatorIA32/DEBUG_VS2022/IA32/CryptoPkg/Library/OpensslLib/OpensslLibCrypto/OUTPUT/openssl/crypto/x509/by_file.obj
D:/develop/EDK2/edk2/Build/EmulatorIA32/DEBUG_VS2022/IA32/CryptoPkg/Library/OpensslLib/OpensslLibCrypto/OUTPUT/openssl/crypto/x509/by_store.obj
D:/develop/EDK2/edk2/Build/EmulatorIA32/DEBUG_VS2022/IA32/CryptoPkg/Library/OpensslLib/OpensslLibCrypto/OUTPUT/openssl/crypto/x509/pcy_cache.obj
D:/develop/EDK2/edk2/Build/EmulatorIA32/DEBUG_VS2022/IA32/CryptoPkg/Library/OpensslLib/OpensslLibCrypto/OUTPUT/openssl/crypto/x509/pcy_data.obj
D:/develop/EDK2/edk2/Build/EmulatorIA32/DEBUG_VS2022/IA32/CryptoPkg/Library/OpensslLib/OpensslLibCrypto/OUTPUT/openssl/crypto/x509/pcy_lib.obj
D:/develop/EDK2/edk2/Build/EmulatorIA32/DEBUG_VS2022/IA32/CryptoPkg/Library/OpensslLib/OpensslLibCrypto/OUTPUT/openssl/crypto/x509/pcy_map.obj
D:/develop/EDK2/edk2/Build/EmulatorIA32/DEBUG_VS2022/IA32/CryptoPkg/Library/OpensslLib/OpensslLibCrypto/OUTPUT/openssl/crypto/x509/pcy_node.obj
D:/develop/EDK2/edk2/Build/EmulatorIA32/DEBUG_VS2022/IA32/CryptoPkg/Library/OpensslLib/OpensslLibCrypto/OUTPUT/openssl/crypto/x509/pcy_tree.obj
D:/develop/EDK2/edk2/Build/EmulatorIA32/DEBUG_VS2022/IA32/CryptoPkg/Library/OpensslLib/OpensslLibCrypto/OUTPUT/openssl/crypto/x509/t_acert.obj
D:/develop/EDK2/edk2/Build/EmulatorIA32/DEBUG_VS2022/IA32/CryptoPkg/Library/OpensslLib/OpensslLibCrypto/OUTPUT/openssl/crypto/x509/t_crl.obj
D:/develop/EDK2/edk2/Build/EmulatorIA32/DEBUG_VS2022/IA32/CryptoPkg/Library/OpensslLib/OpensslLibCrypto/OUTPUT/openssl/crypto/x509/t_req.obj
D:/develop/EDK2/edk2/Build/EmulatorIA32/DEBUG_VS2022/IA32/CryptoPkg/Library/OpensslLib/OpensslLibCrypto/OUTPUT/openssl/crypto/x509/t_x509.obj
D:/develop/EDK2/edk2/Build/EmulatorIA32/DEBUG_VS2022/IA32/CryptoPkg/Library/OpensslLib/OpensslLibCrypto/OUTPUT/openssl/crypto/x509/v3_aaa.obj
D:/develop/EDK2/edk2/Build/EmulatorIA32/DEBUG_VS2022/IA32/CryptoPkg/Library/OpensslLib/OpensslLibCrypto/OUTPUT/openssl/crypto/x509/v3_ac_tgt.obj
D:/develop/EDK2/edk2/Build/EmulatorIA32/DEBUG_VS2022/IA32/CryptoPkg/Library/OpensslLib/OpensslLibCrypto/OUTPUT/openssl/crypto/x509/v3_addr.obj
D:/develop/EDK2/edk2/Build/EmulatorIA32/DEBUG_VS2022/IA32/CryptoPkg/Library/OpensslLib/OpensslLibCrypto/OUTPUT/openssl/crypto/x509/v3_admis.obj
D:/develop/EDK2/edk2/Build/EmulatorIA32/DEBUG_VS2022/IA32/CryptoPkg/Library/OpensslLib/OpensslLibCrypto/OUTPUT/openssl/crypto/x509/v3_akeya.obj
D:/develop/EDK2/edk2/Build/EmulatorIA32/DEBUG_VS2022/IA32/CryptoPkg/Library/OpensslLib/OpensslLibCrypto/OUTPUT/openssl/crypto/x509/v3_akid.obj
D:/develop/EDK2/edk2/Build/EmulatorIA32/DEBUG_VS2022/IA32/CryptoPkg/Library/OpensslLib/OpensslLibCrypto/OUTPUT/openssl/crypto/x509/v3_asid.obj
D:/develop/EDK2/edk2/Build/EmulatorIA32/DEBUG_VS2022/IA32/CryptoPkg/Library/OpensslLib/OpensslLibCrypto/OUTPUT/openssl/crypto/x509/v3_attrdesc.obj
D:/develop/EDK2/edk2/Build/EmulatorIA32/DEBUG_VS2022/IA32/CryptoPkg/Library/OpensslLib/OpensslLibCrypto/OUTPUT/openssl/crypto/x509/v3_attrmap.obj
D:/develop/EDK2/edk2/Build/EmulatorIA32/DEBUG_VS2022/IA32/CryptoPkg/Library/OpensslLib/OpensslLibCrypto/OUTPUT/openssl/crypto/x509/v3_audit_id.obj
D:/develop/EDK2/edk2/Build/EmulatorIA32/DEBUG_VS2022/IA32/CryptoPkg/Library/OpensslLib/OpensslLibCrypto/OUTPUT/openssl/crypto/x509/v3_authattid.obj
D:/develop/EDK2/edk2/Build/EmulatorIA32/DEBUG_VS2022/IA32/CryptoPkg/Library/OpensslLib/OpensslLibCrypto/OUTPUT/openssl/crypto/x509/v3_battcons.obj
D:/develop/EDK2/edk2/Build/EmulatorIA32/DEBUG_VS2022/IA32/CryptoPkg/Library/OpensslLib/OpensslLibCrypto/OUTPUT/openssl/crypto/x509/v3_bcons.obj
D:/develop/EDK2/edk2/Build/EmulatorIA32/DEBUG_VS2022/IA32/CryptoPkg/Library/OpensslLib/OpensslLibCrypto/OUTPUT/openssl/crypto/x509/v3_bitst.obj
D:/develop/EDK2/edk2/Build/EmulatorIA32/DEBUG_VS2022/IA32/CryptoPkg/Library/OpensslLib/OpensslLibCrypto/OUTPUT/openssl/crypto/x509/v3_conf.obj
D:/develop/EDK2/edk2/Build/EmulatorIA32/DEBUG_VS2022/IA32/CryptoPkg/Library/OpensslLib/OpensslLibCrypto/OUTPUT/openssl/crypto/x509/v3_cpols.obj
D:/develop/EDK2/edk2/Build/EmulatorIA32/DEBUG_VS2022/IA32/CryptoPkg/Library/OpensslLib/OpensslLibCrypto/OUTPUT/openssl/crypto/x509/v3_crld.obj
D:/develop/EDK2/edk2/Build/EmulatorIA32/DEBUG_VS2022/IA32/CryptoPkg/Library/OpensslLib/OpensslLibCrypto/OUTPUT/openssl/crypto/x509/v3_enum.obj
D:/develop/EDK2/edk2/Build/EmulatorIA32/DEBUG_VS2022/IA32/CryptoPkg/Library/OpensslLib/OpensslLibCrypto/OUTPUT/openssl/crypto/x509/v3_extku.obj
D:/develop/EDK2/edk2/Build/EmulatorIA32/DEBUG_VS2022/IA32/CryptoPkg/Library/OpensslLib/OpensslLibCrypto/OUTPUT/openssl/crypto/x509/v3_genn.obj
D:/develop/EDK2/edk2/Build/EmulatorIA32/DEBUG_VS2022/IA32/CryptoPkg/Library/OpensslLib/OpensslLibCrypto/OUTPUT/openssl/crypto/x509/v3_group_ac.obj
D:/develop/EDK2/edk2/Build/EmulatorIA32/DEBUG_VS2022/IA32/CryptoPkg/Library/OpensslLib/OpensslLibCrypto/OUTPUT/openssl/crypto/x509/v3_ia5.obj
D:/develop/EDK2/edk2/Build/EmulatorIA32/DEBUG_VS2022/IA32/CryptoPkg/Library/OpensslLib/OpensslLibCrypto/OUTPUT/openssl/crypto/x509/v3_ind_iss.obj
D:/develop/EDK2/edk2/Build/EmulatorIA32/DEBUG_VS2022/IA32/CryptoPkg/Library/OpensslLib/OpensslLibCrypto/OUTPUT/openssl/crypto/x509/v3_info.obj
D:/develop/EDK2/edk2/Build/EmulatorIA32/DEBUG_VS2022/IA32/CryptoPkg/Library/OpensslLib/OpensslLibCrypto/OUTPUT/openssl/crypto/x509/v3_int.obj
D:/develop/EDK2/edk2/Build/EmulatorIA32/DEBUG_VS2022/IA32/CryptoPkg/Library/OpensslLib/OpensslLibCrypto/OUTPUT/openssl/crypto/x509/v3_iobo.obj
D:/develop/EDK2/edk2/Build/EmulatorIA32/DEBUG_VS2022/IA32/CryptoPkg/Library/OpensslLib/OpensslLibCrypto/OUTPUT/openssl/crypto/x509/v3_ist.obj
D:/develop/EDK2/edk2/Build/EmulatorIA32/DEBUG_VS2022/IA32/CryptoPkg/Library/OpensslLib/OpensslLibCrypto/OUTPUT/openssl/crypto/x509/v3_lib.obj
D:/develop/EDK2/edk2/Build/EmulatorIA32/DEBUG_VS2022/IA32/CryptoPkg/Library/OpensslLib/OpensslLibCrypto/OUTPUT/openssl/crypto/x509/v3_ncons.obj
D:/develop/EDK2/edk2/Build/EmulatorIA32/DEBUG_VS2022/IA32/CryptoPkg/Library/OpensslLib/OpensslLibCrypto/OUTPUT/openssl/crypto/x509/v3_no_ass.obj
D:/develop/EDK2/edk2/Build/EmulatorIA32/DEBUG_VS2022/IA32/CryptoPkg/Library/OpensslLib/OpensslLibCrypto/OUTPUT/openssl/crypto/x509/v3_no_rev_avail.obj
D:/develop/EDK2/edk2/Build/EmulatorIA32/DEBUG_VS2022/IA32/CryptoPkg/Library/OpensslLib/OpensslLibCrypto/OUTPUT/openssl/crypto/x509/v3_pci.obj
D:/develop/EDK2/edk2/Build/EmulatorIA32/DEBUG_VS2022/IA32/CryptoPkg/Library/OpensslLib/OpensslLibCrypto/OUTPUT/openssl/crypto/x509/v3_pcia.obj
D:/develop/EDK2/edk2/Build/EmulatorIA32/DEBUG_VS2022/IA32/CryptoPkg/Library/OpensslLib/OpensslLibCrypto/OUTPUT/openssl/crypto/x509/v3_pcons.obj
D:/develop/EDK2/edk2/Build/EmulatorIA32/DEBUG_VS2022/IA32/CryptoPkg/Library/OpensslLib/OpensslLibCrypto/OUTPUT/openssl/crypto/x509/v3_pku.obj
D:/develop/EDK2/edk2/Build/EmulatorIA32/DEBUG_VS2022/IA32/CryptoPkg/Library/OpensslLib/OpensslLibCrypto/OUTPUT/openssl/crypto/x509/v3_pmaps.obj
D:/develop/EDK2/edk2/Build/EmulatorIA32/DEBUG_VS2022/IA32/CryptoPkg/Library/OpensslLib/OpensslLibCrypto/OUTPUT/openssl/crypto/x509/v3_prn.obj
D:/develop/EDK2/edk2/Build/EmulatorIA32/DEBUG_VS2022/IA32/CryptoPkg/Library/OpensslLib/OpensslLibCrypto/OUTPUT/openssl/crypto/x509/v3_purp.obj
D:/develop/EDK2/edk2/Build/EmulatorIA32/DEBUG_VS2022/IA32/CryptoPkg/Library/OpensslLib/OpensslLibCrypto/OUTPUT/openssl/crypto/x509/v3_rolespec.obj
D:/develop/EDK2/edk2/Build/EmulatorIA32/DEBUG_VS2022/IA32/CryptoPkg/Library/OpensslLib/OpensslLibCrypto/OUTPUT/openssl/crypto/x509/v3_san.obj
D:/develop/EDK2/edk2/Build/EmulatorIA32/DEBUG_VS2022/IA32/CryptoPkg/Library/OpensslLib/OpensslLibCrypto/OUTPUT/openssl/crypto/x509/v3_sda.obj
D:/develop/EDK2/edk2/Build/EmulatorIA32/DEBUG_VS2022/IA32/CryptoPkg/Library/OpensslLib/OpensslLibCrypto/OUTPUT/openssl/crypto/x509/v3_single_use.obj
D:/develop/EDK2/edk2/Build/EmulatorIA32/DEBUG_VS2022/IA32/CryptoPkg/Library/OpensslLib/OpensslLibCrypto/OUTPUT/openssl/crypto/x509/v3_skid.obj
D:/develop/EDK2/edk2/Build/EmulatorIA32/DEBUG_VS2022/IA32/CryptoPkg/Library/OpensslLib/OpensslLibCrypto/OUTPUT/openssl/crypto/x509/v3_soa_id.obj
D:/develop/EDK2/edk2/Build/EmulatorIA32/DEBUG_VS2022/IA32/CryptoPkg/Library/OpensslLib/OpensslLibCrypto/OUTPUT/openssl/crypto/x509/v3_sxnet.obj
D:/develop/EDK2/edk2/Build/EmulatorIA32/DEBUG_VS2022/IA32/CryptoPkg/Library/OpensslLib/OpensslLibCrypto/OUTPUT/openssl/crypto/x509/v3_timespec.obj
D:/develop/EDK2/edk2/Build/EmulatorIA32/DEBUG_VS2022/IA32/CryptoPkg/Library/OpensslLib/OpensslLibCrypto/OUTPUT/openssl/crypto/x509/v3_tlsf.obj
D:/develop/EDK2/edk2/Build/EmulatorIA32/DEBUG_VS2022/IA32/CryptoPkg/Library/OpensslLib/OpensslLibCrypto/OUTPUT/openssl/crypto/x509/v3_usernotice.obj
D:/develop/EDK2/edk2/Build/EmulatorIA32/DEBUG_VS2022/IA32/CryptoPkg/Library/OpensslLib/OpensslLibCrypto/OUTPUT/openssl/crypto/x509/v3_utf8.obj
D:/develop/EDK2/edk2/Build/EmulatorIA32/DEBUG_VS2022/IA32/CryptoPkg/Library/OpensslLib/OpensslLibCrypto/OUTPUT/openssl/crypto/x509/v3_utl.obj
D:/develop/EDK2/edk2/Build/EmulatorIA32/DEBUG_VS2022/IA32/CryptoPkg/Library/OpensslLib/OpensslLibCrypto/OUTPUT/openssl/crypto/x509/v3err.obj
D:/develop/EDK2/edk2/Build/EmulatorIA32/DEBUG_VS2022/IA32/CryptoPkg/Library/OpensslLib/OpensslLibCrypto/OUTPUT/openssl/crypto/x509/x509_acert.obj
D:/develop/EDK2/edk2/Build/EmulatorIA32/DEBUG_VS2022/IA32/CryptoPkg/Library/OpensslLib/OpensslLibCrypto/OUTPUT/openssl/crypto/x509/x509_att.obj
D:/develop/EDK2/edk2/Build/EmulatorIA32/DEBUG_VS2022/IA32/CryptoPkg/Library/OpensslLib/OpensslLibCrypto/OUTPUT/openssl/crypto/x509/x509_cmp.obj
D:/develop/EDK2/edk2/Build/EmulatorIA32/DEBUG_VS2022/IA32/CryptoPkg/Library/OpensslLib/OpensslLibCrypto/OUTPUT/openssl/crypto/x509/x509_d2.obj
D:/develop/EDK2/edk2/Build/EmulatorIA32/DEBUG_VS2022/IA32/CryptoPkg/Library/OpensslLib/OpensslLibCrypto/OUTPUT/openssl/crypto/x509/x509_def.obj
D:/develop/EDK2/edk2/Build/EmulatorIA32/DEBUG_VS2022/IA32/CryptoPkg/Library/OpensslLib/OpensslLibCrypto/OUTPUT/openssl/crypto/x509/x509_err.obj
D:/develop/EDK2/edk2/Build/EmulatorIA32/DEBUG_VS2022/IA32/CryptoPkg/Library/OpensslLib/OpensslLibCrypto/OUTPUT/openssl/crypto/x509/x509_ext.obj
D:/develop/EDK2/edk2/Build/EmulatorIA32/DEBUG_VS2022/IA32/CryptoPkg/Library/OpensslLib/OpensslLibCrypto/OUTPUT/openssl/crypto/x509/x509_lu.obj
D:/develop/EDK2/edk2/Build/EmulatorIA32/DEBUG_VS2022/IA32/CryptoPkg/Library/OpensslLib/OpensslLibCrypto/OUTPUT/openssl/crypto/x509/x509_meth.obj
D:/develop/EDK2/edk2/Build/EmulatorIA32/DEBUG_VS2022/IA32/CryptoPkg/Library/OpensslLib/OpensslLibCrypto/OUTPUT/openssl/crypto/x509/x509_obj.obj
D:/develop/EDK2/edk2/Build/EmulatorIA32/DEBUG_VS2022/IA32/CryptoPkg/Library/OpensslLib/OpensslLibCrypto/OUTPUT/openssl/crypto/x509/x509_r2x.obj
D:/develop/EDK2/edk2/Build/EmulatorIA32/DEBUG_VS2022/IA32/CryptoPkg/Library/OpensslLib/OpensslLibCrypto/OUTPUT/openssl/crypto/x509/x509_req.obj
D:/develop/EDK2/edk2/Build/EmulatorIA32/DEBUG_VS2022/IA32/CryptoPkg/Library/OpensslLib/OpensslLibCrypto/OUTPUT/openssl/crypto/x509/x509_set.obj
D:/develop/EDK2/edk2/Build/EmulatorIA32/DEBUG_VS2022/IA32/CryptoPkg/Library/OpensslLib/OpensslLibCrypto/OUTPUT/openssl/crypto/x509/x509_trust.obj
D:/develop/EDK2/edk2/Build/EmulatorIA32/DEBUG_VS2022/IA32/CryptoPkg/Library/OpensslLib/OpensslLibCrypto/OUTPUT/openssl/crypto/x509/x509_txt.obj
D:/develop/EDK2/edk2/Build/EmulatorIA32/DEBUG_VS2022/IA32/CryptoPkg/Library/OpensslLib/OpensslLibCrypto/OUTPUT/openssl/crypto/x509/x509_v3.obj
D:/develop/EDK2/edk2/Build/EmulatorIA32/DEBUG_VS2022/IA32/CryptoPkg/Library/OpensslLib/OpensslLibCrypto/OUTPUT/openssl/crypto/x509/x509_vfy.obj
D:/develop/EDK2/edk2/Build/EmulatorIA32/DEBUG_VS2022/IA32/CryptoPkg/Library/OpensslLib/OpensslLibCrypto/OUTPUT/openssl/crypto/x509/x509_vpm.obj
D:/develop/EDK2/edk2/Build/EmulatorIA32/DEBUG_VS2022/IA32/CryptoPkg/Library/OpensslLib/OpensslLibCrypto/OUTPUT/openssl/crypto/x509/x509aset.obj
D:/develop/EDK2/edk2/Build/EmulatorIA32/DEBUG_VS2022/IA32/CryptoPkg/Library/OpensslLib/OpensslLibCrypto/OUTPUT/openssl/crypto/x509/x509cset.obj
D:/develop/EDK2/edk2/Build/EmulatorIA32/DEBUG_VS2022/IA32/CryptoPkg/Library/OpensslLib/OpensslLibCrypto/OUTPUT/openssl/crypto/x509/x509name.obj
D:/develop/EDK2/edk2/Build/EmulatorIA32/DEBUG_VS2022/IA32/CryptoPkg/Library/OpensslLib/OpensslLibCrypto/OUTPUT/openssl/crypto/x509/x509rset.obj
D:/develop/EDK2/edk2/Build/EmulatorIA32/DEBUG_VS2022/IA32/CryptoPkg/Library/OpensslLib/OpensslLibCrypto/OUTPUT/openssl/crypto/x509/x509spki.obj
D:/develop/EDK2/edk2/Build/EmulatorIA32/DEBUG_VS2022/IA32/CryptoPkg/Library/OpensslLib/OpensslLibCrypto/OUTPUT/openssl/crypto/x509/x509type.obj
D:/develop/EDK2/edk2/Build/EmulatorIA32/DEBUG_VS2022/IA32/CryptoPkg/Library/OpensslLib/OpensslLibCrypto/OUTPUT/openssl/crypto/x509/x_all.obj
D:/develop/EDK2/edk2/Build/EmulatorIA32/DEBUG_VS2022/IA32/CryptoPkg/Library/OpensslLib/OpensslLibCrypto/OUTPUT/openssl/crypto/x509/x_attrib.obj
D:/develop/EDK2/edk2/Build/EmulatorIA32/DEBUG_VS2022/IA32/CryptoPkg/Library/OpensslLib/OpensslLibCrypto/OUTPUT/openssl/crypto/x509/x_crl.obj
D:/develop/EDK2/edk2/Build/EmulatorIA32/DEBUG_VS2022/IA32/CryptoPkg/Library/OpensslLib/OpensslLibCrypto/OUTPUT/openssl/crypto/x509/x_exten.obj
D:/develop/EDK2/edk2/Build/EmulatorIA32/DEBUG_VS2022/IA32/CryptoPkg/Library/OpensslLib/OpensslLibCrypto/OUTPUT/openssl/crypto/x509/x_ietfatt.obj
D:/develop/EDK2/edk2/Build/EmulatorIA32/DEBUG_VS2022/IA32/CryptoPkg/Library/OpensslLib/OpensslLibCrypto/OUTPUT/openssl/crypto/x509/x_name.obj
D:/develop/EDK2/edk2/Build/EmulatorIA32/DEBUG_VS2022/IA32/CryptoPkg/Library/OpensslLib/OpensslLibCrypto/OUTPUT/openssl/crypto/x509/x_pubkey.obj
D:/develop/EDK2/edk2/Build/EmulatorIA32/DEBUG_VS2022/IA32/CryptoPkg/Library/OpensslLib/OpensslLibCrypto/OUTPUT/openssl/crypto/x509/x_req.obj
D:/develop/EDK2/edk2/Build/EmulatorIA32/DEBUG_VS2022/IA32/CryptoPkg/Library/OpensslLib/OpensslLibCrypto/OUTPUT/openssl/crypto/x509/x_x509.obj
D:/develop/EDK2/edk2/Build/EmulatorIA32/DEBUG_VS2022/IA32/CryptoPkg/Library/OpensslLib/OpensslLibCrypto/OUTPUT/openssl/crypto/x509/x_x509a.obj
D:/develop/EDK2/edk2/Build/EmulatorIA32/DEBUG_VS2022/IA32/CryptoPkg/Library/OpensslLib/OpensslLibCrypto/OUTPUT/openssl/providers/nullprov.obj
D:/develop/EDK2/edk2/Build/EmulatorIA32/DEBUG_VS2022/IA32/CryptoPkg/Library/OpensslLib/OpensslLibCrypto/OUTPUT/openssl/providers/prov_running.obj
D:/develop/EDK2/edk2/Build/EmulatorIA32/DEBUG_VS2022/IA32/CryptoPkg/Library/OpensslLib/OpensslLibCrypto/OUTPUT/openssl/providers/common/der/der_rsa_sig.obj
D:/develop/EDK2/edk2/Build/EmulatorIA32/DEBUG_VS2022/IA32/CryptoPkg/Library/OpensslLib/OpensslLibCrypto/OUTPUT/openssl/providers/common/bio_prov.obj
D:/develop/EDK2/edk2/Build/EmulatorIA32/DEBUG_VS2022/IA32/CryptoPkg/Library/OpensslLib/OpensslLibCrypto/OUTPUT/openssl/providers/common/capabilities.obj
D:/develop/EDK2/edk2/Build/EmulatorIA32/DEBUG_VS2022/IA32/CryptoPkg/Library/OpensslLib/OpensslLibCrypto/OUTPUT/openssl/providers/common/digest_to_nid.obj
D:/develop/EDK2/edk2/Build/EmulatorIA32/DEBUG_VS2022/IA32/CryptoPkg/Library/OpensslLib/OpensslLibCrypto/OUTPUT/openssl/providers/common/provider_seeding.obj
D:/develop/EDK2/edk2/Build/EmulatorIA32/DEBUG_VS2022/IA32/CryptoPkg/Library/OpensslLib/OpensslLibCrypto/OUTPUT/openssl/providers/common/provider_util.obj
D:/develop/EDK2/edk2/Build/EmulatorIA32/DEBUG_VS2022/IA32/CryptoPkg/Library/OpensslLib/OpensslLibCrypto/OUTPUT/openssl/providers/common/securitycheck.obj
D:/develop/EDK2/edk2/Build/EmulatorIA32/DEBUG_VS2022/IA32/CryptoPkg/Library/OpensslLib/OpensslLibCrypto/OUTPUT/openssl/providers/common/securitycheck_default.obj
D:/develop/EDK2/edk2/Build/EmulatorIA32/DEBUG_VS2022/IA32/CryptoPkg/Library/OpensslLib/OpensslLibCrypto/OUTPUT/openssl/providers/implementations/asymciphers/rsa_enc.obj
D:/develop/EDK2/edk2/Build/EmulatorIA32/DEBUG_VS2022/IA32/CryptoPkg/Library/OpensslLib/OpensslLibCrypto/OUTPUT/openssl/providers/implementations/ciphers/cipher_aes.obj
D:/develop/EDK2/edk2/Build/EmulatorIA32/DEBUG_VS2022/IA32/CryptoPkg/Library/OpensslLib/OpensslLibCrypto/OUTPUT/openssl/providers/implementations/ciphers/cipher_aes_cbc_hmac_sha.obj
D:/develop/EDK2/edk2/Build/EmulatorIA32/DEBUG_VS2022/IA32/CryptoPkg/Library/OpensslLib/OpensslLibCrypto/OUTPUT/openssl/providers/implementations/ciphers/cipher_aes_cbc_hmac_sha1_hw.obj
D:/develop/EDK2/edk2/Build/EmulatorIA32/DEBUG_VS2022/IA32/CryptoPkg/Library/OpensslLib/OpensslLibCrypto/OUTPUT/openssl/providers/implementations/ciphers/cipher_aes_cbc_hmac_sha256_hw.obj
D:/develop/EDK2/edk2/Build/EmulatorIA32/DEBUG_VS2022/IA32/CryptoPkg/Library/OpensslLib/OpensslLibCrypto/OUTPUT/openssl/providers/implementations/ciphers/cipher_aes_ccm.obj
D:/develop/EDK2/edk2/Build/EmulatorIA32/DEBUG_VS2022/IA32/CryptoPkg/Library/OpensslLib/OpensslLibCrypto/OUTPUT/openssl/providers/implementations/ciphers/cipher_aes_ccm_hw.obj
D:/develop/EDK2/edk2/Build/EmulatorIA32/DEBUG_VS2022/IA32/CryptoPkg/Library/OpensslLib/OpensslLibCrypto/OUTPUT/openssl/providers/implementations/ciphers/cipher_aes_gcm.obj
D:/develop/EDK2/edk2/Build/EmulatorIA32/DEBUG_VS2022/IA32/CryptoPkg/Library/OpensslLib/OpensslLibCrypto/OUTPUT/openssl/providers/implementations/ciphers/cipher_aes_gcm_hw.obj
D:/develop/EDK2/edk2/Build/EmulatorIA32/DEBUG_VS2022/IA32/CryptoPkg/Library/OpensslLib/OpensslLibCrypto/OUTPUT/openssl/providers/implementations/ciphers/cipher_aes_hw.obj
D:/develop/EDK2/edk2/Build/EmulatorIA32/DEBUG_VS2022/IA32/CryptoPkg/Library/OpensslLib/OpensslLibCrypto/OUTPUT/openssl/providers/implementations/ciphers/cipher_aes_wrp.obj
D:/develop/EDK2/edk2/Build/EmulatorIA32/DEBUG_VS2022/IA32/CryptoPkg/Library/OpensslLib/OpensslLibCrypto/OUTPUT/openssl/providers/implementations/ciphers/cipher_aes_xts.obj
D:/develop/EDK2/edk2/Build/EmulatorIA32/DEBUG_VS2022/IA32/CryptoPkg/Library/OpensslLib/OpensslLibCrypto/OUTPUT/openssl/providers/implementations/ciphers/cipher_aes_xts_fips.obj
D:/develop/EDK2/edk2/Build/EmulatorIA32/DEBUG_VS2022/IA32/CryptoPkg/Library/OpensslLib/OpensslLibCrypto/OUTPUT/openssl/providers/implementations/ciphers/cipher_aes_xts_hw.obj
D:/develop/EDK2/edk2/Build/EmulatorIA32/DEBUG_VS2022/IA32/CryptoPkg/Library/OpensslLib/OpensslLibCrypto/OUTPUT/openssl/providers/implementations/ciphers/cipher_cts.obj
D:/develop/EDK2/edk2/Build/EmulatorIA32/DEBUG_VS2022/IA32/CryptoPkg/Library/OpensslLib/OpensslLibCrypto/OUTPUT/openssl/providers/implementations/ciphers/cipher_null.obj
D:/develop/EDK2/edk2/Build/EmulatorIA32/DEBUG_VS2022/IA32/CryptoPkg/Library/OpensslLib/OpensslLibCrypto/OUTPUT/openssl/providers/implementations/digests/md5_prov.obj
D:/develop/EDK2/edk2/Build/EmulatorIA32/DEBUG_VS2022/IA32/CryptoPkg/Library/OpensslLib/OpensslLibCrypto/OUTPUT/openssl/providers/implementations/digests/md5_sha1_prov.obj
D:/develop/EDK2/edk2/Build/EmulatorIA32/DEBUG_VS2022/IA32/CryptoPkg/Library/OpensslLib/OpensslLibCrypto/OUTPUT/openssl/providers/implementations/digests/null_prov.obj
D:/develop/EDK2/edk2/Build/EmulatorIA32/DEBUG_VS2022/IA32/CryptoPkg/Library/OpensslLib/OpensslLibCrypto/OUTPUT/openssl/providers/implementations/digests/sha2_prov.obj
D:/develop/EDK2/edk2/Build/EmulatorIA32/DEBUG_VS2022/IA32/CryptoPkg/Library/OpensslLib/OpensslLibCrypto/OUTPUT/openssl/providers/implementations/digests/sha3_prov.obj
D:/develop/EDK2/edk2/Build/EmulatorIA32/DEBUG_VS2022/IA32/CryptoPkg/Library/OpensslLib/OpensslLibCrypto/OUTPUT/openssl/providers/implementations/digests/sm3_prov.obj
D:/develop/EDK2/edk2/Build/EmulatorIA32/DEBUG_VS2022/IA32/CryptoPkg/Library/OpensslLib/OpensslLibCrypto/OUTPUT/openssl/providers/implementations/encode_decode/decode_der2key.obj
D:/develop/EDK2/edk2/Build/EmulatorIA32/DEBUG_VS2022/IA32/CryptoPkg/Library/OpensslLib/OpensslLibCrypto/OUTPUT/openssl/providers/implementations/encode_decode/decode_epki2pki.obj
D:/develop/EDK2/edk2/Build/EmulatorIA32/DEBUG_VS2022/IA32/CryptoPkg/Library/OpensslLib/OpensslLibCrypto/OUTPUT/openssl/providers/implementations/encode_decode/decode_msblob2key.obj
D:/develop/EDK2/edk2/Build/EmulatorIA32/DEBUG_VS2022/IA32/CryptoPkg/Library/OpensslLib/OpensslLibCrypto/OUTPUT/openssl/providers/implementations/encode_decode/decode_pem2der.obj
D:/develop/EDK2/edk2/Build/EmulatorIA32/DEBUG_VS2022/IA32/CryptoPkg/Library/OpensslLib/OpensslLibCrypto/OUTPUT/openssl/providers/implementations/encode_decode/decode_pvk2key.obj
D:/develop/EDK2/edk2/Build/EmulatorIA32/DEBUG_VS2022/IA32/CryptoPkg/Library/OpensslLib/OpensslLibCrypto/OUTPUT/openssl/providers/implementations/encode_decode/decode_spki2typespki.obj
D:/develop/EDK2/edk2/Build/EmulatorIA32/DEBUG_VS2022/IA32/CryptoPkg/Library/OpensslLib/OpensslLibCrypto/OUTPUT/openssl/providers/implementations/encode_decode/endecoder_common.obj
D:/develop/EDK2/edk2/Build/EmulatorIA32/DEBUG_VS2022/IA32/CryptoPkg/Library/OpensslLib/OpensslLibCrypto/OUTPUT/openssl/providers/implementations/exchange/dh_exch.obj
D:/develop/EDK2/edk2/Build/EmulatorIA32/DEBUG_VS2022/IA32/CryptoPkg/Library/OpensslLib/OpensslLibCrypto/OUTPUT/openssl/providers/implementations/exchange/kdf_exch.obj
D:/develop/EDK2/edk2/Build/EmulatorIA32/DEBUG_VS2022/IA32/CryptoPkg/Library/OpensslLib/OpensslLibCrypto/OUTPUT/openssl/providers/implementations/kdfs/argon2.obj
D:/develop/EDK2/edk2/Build/EmulatorIA32/DEBUG_VS2022/IA32/CryptoPkg/Library/OpensslLib/OpensslLibCrypto/OUTPUT/openssl/providers/implementations/kdfs/hkdf.obj
D:/develop/EDK2/edk2/Build/EmulatorIA32/DEBUG_VS2022/IA32/CryptoPkg/Library/OpensslLib/OpensslLibCrypto/OUTPUT/openssl/providers/implementations/kdfs/hmacdrbg_kdf.obj
D:/develop/EDK2/edk2/Build/EmulatorIA32/DEBUG_VS2022/IA32/CryptoPkg/Library/OpensslLib/OpensslLibCrypto/OUTPUT/openssl/providers/implementations/kdfs/kbkdf.obj
D:/develop/EDK2/edk2/Build/EmulatorIA32/DEBUG_VS2022/IA32/CryptoPkg/Library/OpensslLib/OpensslLibCrypto/OUTPUT/openssl/providers/implementations/kdfs/krb5kdf.obj
D:/develop/EDK2/edk2/Build/EmulatorIA32/DEBUG_VS2022/IA32/CryptoPkg/Library/OpensslLib/OpensslLibCrypto/OUTPUT/openssl/providers/implementations/kdfs/pbkdf2.obj
D:/develop/EDK2/edk2/Build/EmulatorIA32/DEBUG_VS2022/IA32/CryptoPkg/Library/OpensslLib/OpensslLibCrypto/OUTPUT/openssl/providers/implementations/kdfs/pbkdf2_fips.obj
D:/develop/EDK2/edk2/Build/EmulatorIA32/DEBUG_VS2022/IA32/CryptoPkg/Library/OpensslLib/OpensslLibCrypto/OUTPUT/openssl/providers/implementations/kdfs/pkcs12kdf.obj
D:/develop/EDK2/edk2/Build/EmulatorIA32/DEBUG_VS2022/IA32/CryptoPkg/Library/OpensslLib/OpensslLibCrypto/OUTPUT/openssl/providers/implementations/kdfs/scrypt.obj
D:/develop/EDK2/edk2/Build/EmulatorIA32/DEBUG_VS2022/IA32/CryptoPkg/Library/OpensslLib/OpensslLibCrypto/OUTPUT/openssl/providers/implementations/kdfs/sshkdf.obj
D:/develop/EDK2/edk2/Build/EmulatorIA32/DEBUG_VS2022/IA32/CryptoPkg/Library/OpensslLib/OpensslLibCrypto/OUTPUT/openssl/providers/implementations/kdfs/sskdf.obj
D:/develop/EDK2/edk2/Build/EmulatorIA32/DEBUG_VS2022/IA32/CryptoPkg/Library/OpensslLib/OpensslLibCrypto/OUTPUT/openssl/providers/implementations/kdfs/tls1_prf.obj
D:/develop/EDK2/edk2/Build/EmulatorIA32/DEBUG_VS2022/IA32/CryptoPkg/Library/OpensslLib/OpensslLibCrypto/OUTPUT/openssl/providers/implementations/kdfs/x942kdf.obj
D:/develop/EDK2/edk2/Build/EmulatorIA32/DEBUG_VS2022/IA32/CryptoPkg/Library/OpensslLib/OpensslLibCrypto/OUTPUT/openssl/providers/implementations/kem/rsa_kem.obj
D:/develop/EDK2/edk2/Build/EmulatorIA32/DEBUG_VS2022/IA32/CryptoPkg/Library/OpensslLib/OpensslLibCrypto/OUTPUT/openssl/providers/implementations/keymgmt/dh_kmgmt.obj
D:/develop/EDK2/edk2/Build/EmulatorIA32/DEBUG_VS2022/IA32/CryptoPkg/Library/OpensslLib/OpensslLibCrypto/OUTPUT/openssl/providers/implementations/keymgmt/kdf_legacy_kmgmt.obj
D:/develop/EDK2/edk2/Build/EmulatorIA32/DEBUG_VS2022/IA32/CryptoPkg/Library/OpensslLib/OpensslLibCrypto/OUTPUT/openssl/providers/implementations/keymgmt/mac_legacy_kmgmt.obj
D:/develop/EDK2/edk2/Build/EmulatorIA32/DEBUG_VS2022/IA32/CryptoPkg/Library/OpensslLib/OpensslLibCrypto/OUTPUT/openssl/providers/implementations/keymgmt/rsa_kmgmt.obj
D:/develop/EDK2/edk2/Build/EmulatorIA32/DEBUG_VS2022/IA32/CryptoPkg/Library/OpensslLib/OpensslLibCrypto/OUTPUT/openssl/providers/implementations/macs/gmac_prov.obj
D:/develop/EDK2/edk2/Build/EmulatorIA32/DEBUG_VS2022/IA32/CryptoPkg/Library/OpensslLib/OpensslLibCrypto/OUTPUT/openssl/providers/implementations/macs/hmac_prov.obj
D:/develop/EDK2/edk2/Build/EmulatorIA32/DEBUG_VS2022/IA32/CryptoPkg/Library/OpensslLib/OpensslLibCrypto/OUTPUT/openssl/providers/implementations/macs/kmac_prov.obj
D:/develop/EDK2/edk2/Build/EmulatorIA32/DEBUG_VS2022/IA32/CryptoPkg/Library/OpensslLib/OpensslLibCrypto/OUTPUT/openssl/providers/implementations/rands/drbg.obj
D:/develop/EDK2/edk2/Build/EmulatorIA32/DEBUG_VS2022/IA32/CryptoPkg/Library/OpensslLib/OpensslLibCrypto/OUTPUT/openssl/providers/implementations/rands/drbg_ctr.obj
D:/develop/EDK2/edk2/Build/EmulatorIA32/DEBUG_VS2022/IA32/CryptoPkg/Library/OpensslLib/OpensslLibCrypto/OUTPUT/openssl/providers/implementations/rands/drbg_hash.obj
D:/develop/EDK2/edk2/Build/EmulatorIA32/DEBUG_VS2022/IA32/CryptoPkg/Library/OpensslLib/OpensslLibCrypto/OUTPUT/openssl/providers/implementations/rands/drbg_hmac.obj
D:/develop/EDK2/edk2/Build/EmulatorIA32/DEBUG_VS2022/IA32/CryptoPkg/Library/OpensslLib/OpensslLibCrypto/OUTPUT/openssl/providers/implementations/rands/seed_src.obj
D:/develop/EDK2/edk2/Build/EmulatorIA32/DEBUG_VS2022/IA32/CryptoPkg/Library/OpensslLib/OpensslLibCrypto/OUTPUT/openssl/providers/implementations/rands/seed_src_jitter.obj
D:/develop/EDK2/edk2/Build/EmulatorIA32/DEBUG_VS2022/IA32/CryptoPkg/Library/OpensslLib/OpensslLibCrypto/OUTPUT/openssl/providers/implementations/rands/test_rng.obj
D:/develop/EDK2/edk2/Build/EmulatorIA32/DEBUG_VS2022/IA32/CryptoPkg/Library/OpensslLib/OpensslLibCrypto/OUTPUT/openssl/providers/implementations/rands/seeding/rand_cpu_x86.obj
D:/develop/EDK2/edk2/Build/EmulatorIA32/DEBUG_VS2022/IA32/CryptoPkg/Library/OpensslLib/OpensslLibCrypto/OUTPUT/openssl/providers/implementations/rands/seeding/rand_tsc.obj
D:/develop/EDK2/edk2/Build/EmulatorIA32/DEBUG_VS2022/IA32/CryptoPkg/Library/OpensslLib/OpensslLibCrypto/OUTPUT/openssl/providers/implementations/rands/seeding/rand_unix.obj
D:/develop/EDK2/edk2/Build/EmulatorIA32/DEBUG_VS2022/IA32/CryptoPkg/Library/OpensslLib/OpensslLibCrypto/OUTPUT/openssl/providers/implementations/rands/seeding/rand_win.obj
D:/develop/EDK2/edk2/Build/EmulatorIA32/DEBUG_VS2022/IA32/CryptoPkg/Library/OpensslLib/OpensslLibCrypto/OUTPUT/openssl/providers/implementations/signature/mac_legacy_sig.obj
D:/develop/EDK2/edk2/Build/EmulatorIA32/DEBUG_VS2022/IA32/CryptoPkg/Library/OpensslLib/OpensslLibCrypto/OUTPUT/openssl/providers/implementations/signature/rsa_sig.obj
D:/develop/EDK2/edk2/Build/EmulatorIA32/DEBUG_VS2022/IA32/CryptoPkg/Library/OpensslLib/OpensslLibCrypto/OUTPUT/openssl/providers/implementations/skeymgmt/aes_skmgmt.obj
D:/develop/EDK2/edk2/Build/EmulatorIA32/DEBUG_VS2022/IA32/CryptoPkg/Library/OpensslLib/OpensslLibCrypto/OUTPUT/openssl/providers/implementations/skeymgmt/generic.obj
D:/develop/EDK2/edk2/Build/EmulatorIA32/DEBUG_VS2022/IA32/CryptoPkg/Library/OpensslLib/OpensslLibCrypto/OUTPUT/openssl/ssl/record/methods/ssl3_cbc.obj
D:/develop/EDK2/edk2/Build/EmulatorIA32/DEBUG_VS2022/IA32/CryptoPkg/Library/OpensslLib/OpensslLibCrypto/OUTPUT/OpensslGen/crypto/params_idx.obj
D:/develop/EDK2/edk2/Build/EmulatorIA32/DEBUG_VS2022/IA32/CryptoPkg/Library/OpensslLib/OpensslLibCrypto/OUTPUT/openssl/providers/common/der/der_rsa_key.obj
D:/develop/EDK2/edk2/Build/EmulatorIA32/DEBUG_VS2022/IA32/CryptoPkg/Library/OpensslLib/OpensslLibCrypto/OUTPUT/openssl/providers/common/provider_ctx.obj
D:/develop/EDK2/edk2/Build/EmulatorIA32/DEBUG_VS2022/IA32/CryptoPkg/Library/OpensslLib/OpensslLibCrypto/OUTPUT/openssl/providers/common/provider_err.obj
D:/develop/EDK2/edk2/Build/EmulatorIA32/DEBUG_VS2022/IA32/CryptoPkg/Library/OpensslLib/OpensslLibCrypto/OUTPUT/openssl/providers/implementations/ciphers/ciphercommon.obj
D:/develop/EDK2/edk2/Build/EmulatorIA32/DEBUG_VS2022/IA32/CryptoPkg/Library/OpensslLib/OpensslLibCrypto/OUTPUT/openssl/providers/implementations/ciphers/ciphercommon_block.obj
D:/develop/EDK2/edk2/Build/EmulatorIA32/DEBUG_VS2022/IA32/CryptoPkg/Library/OpensslLib/OpensslLibCrypto/OUTPUT/openssl/providers/implementations/ciphers/ciphercommon_ccm.obj
D:/develop/EDK2/edk2/Build/EmulatorIA32/DEBUG_VS2022/IA32/CryptoPkg/Library/OpensslLib/OpensslLibCrypto/OUTPUT/openssl/providers/implementations/ciphers/ciphercommon_ccm_hw.obj
D:/develop/EDK2/edk2/Build/EmulatorIA32/DEBUG_VS2022/IA32/CryptoPkg/Library/OpensslLib/OpensslLibCrypto/OUTPUT/openssl/providers/implementations/ciphers/ciphercommon_gcm.obj
D:/develop/EDK2/edk2/Build/EmulatorIA32/DEBUG_VS2022/IA32/CryptoPkg/Library/OpensslLib/OpensslLibCrypto/OUTPUT/openssl/providers/implementations/ciphers/ciphercommon_gcm_hw.obj
D:/develop/EDK2/edk2/Build/EmulatorIA32/DEBUG_VS2022/IA32/CryptoPkg/Library/OpensslLib/OpensslLibCrypto/OUTPUT/openssl/providers/implementations/ciphers/ciphercommon_hw.obj
D:/develop/EDK2/edk2/Build/EmulatorIA32/DEBUG_VS2022/IA32/CryptoPkg/Library/OpensslLib/OpensslLibCrypto/OUTPUT/openssl/providers/implementations/digests/digestcommon.obj
D:/develop/EDK2/edk2/Build/EmulatorIA32/DEBUG_VS2022/IA32/CryptoPkg/Library/OpensslLib/OpensslLibCrypto/OUTPUT/openssl/ssl/record/methods/tls_pad.obj
D:/develop/EDK2/edk2/Build/EmulatorIA32/DEBUG_VS2022/IA32/CryptoPkg/Library/OpensslLib/OpensslLibCrypto/OUTPUT/OpensslGen/providers/common/der/der_digests_gen.obj
D:/develop/EDK2/edk2/Build/EmulatorIA32/DEBUG_VS2022/IA32/CryptoPkg/Library/OpensslLib/OpensslLibCrypto/OUTPUT/OpensslGen/providers/common/der/der_rsa_gen.obj
D:/develop/EDK2/edk2/Build/EmulatorIA32/DEBUG_VS2022/IA32/CryptoPkg/Library/OpensslLib/OpensslLibCrypto/OUTPUT/OpensslGen/providers/common/der/der_wrap_gen.obj
D:/develop/EDK2/edk2/Build/EmulatorIA32/DEBUG_VS2022/IA32/CryptoPkg/Library/OpensslLib/OpensslLibCrypto/OUTPUT/buildinf.obj
D:/develop/EDK2/edk2/Build/EmulatorIA32/DEBUG_VS2022/IA32/CryptoPkg/Library/OpensslLib/OpensslLibCrypto/OUTPUT/OpensslStub/ossl_store.obj
D:/develop/EDK2/edk2/Build/EmulatorIA32/DEBUG_VS2022/IA32/CryptoPkg/Library/OpensslLib/OpensslLibCrypto/OUTPUT/OpensslStub/rand_pool.obj
D:/develop/EDK2/edk2/Build/EmulatorIA32/DEBUG_VS2022/IA32/CryptoPkg/Library/OpensslLib/OpensslLibCrypto/OUTPUT/OpensslStub/SslNull.obj
D:/develop/EDK2/edk2/Build/EmulatorIA32/DEBUG_VS2022/IA32/CryptoPkg/Library/OpensslLib/OpensslLibCrypto/OUTPUT/OpensslStub/EcSm2Null.obj
D:/develop/EDK2/edk2/Build/EmulatorIA32/DEBUG_VS2022/IA32/CryptoPkg/Library/OpensslLib/OpensslLibCrypto/OUTPUT/OpensslStub/uefiprov.obj
D:/develop/EDK2/edk2/Build/EmulatorIA32/DEBUG_VS2022/IA32/CryptoPkg/Library/OpensslLib/OpensslLibCrypto/OUTPUT/OpensslStub/EncoderNull.obj