D:/develop/Self_develop/edk2/Build/EmulatorX64/DEBUG_VS2019/X64/CryptoPkg/Library/BaseCryptLib/BaseCryptLib/OUTPUT/Hash/CryptMd5.obj
D:/develop/Self_develop/edk2/Build/EmulatorX64/DEBUG_VS2019/X64/CryptoPkg/Library/BaseCryptLib/BaseCryptLib/OUTPUT/Hash/CryptSha1.obj
D:/develop/Self_develop/edk2/Build/EmulatorX64/DEBUG_VS2019/X64/CryptoPkg/Library/BaseCryptLib/BaseCryptLib/OUTPUT/Hash/CryptSha256.obj
D:/develop/Self_develop/edk2/Build/EmulatorX64/DEBUG_VS2019/X64/CryptoPkg/Library/BaseCryptLib/BaseCryptLib/OUTPUT/Hash/CryptSha512.obj
D:/develop/Self_develop/edk2/Build/EmulatorX64/DEBUG_VS2019/X64/CryptoPkg/Library/BaseCryptLib/BaseCryptLib/OUTPUT/Hash/CryptSm3.obj
D:/develop/Self_develop/edk2/Build/EmulatorX64/DEBUG_VS2019/X64/CryptoPkg/Library/BaseCryptLib/BaseCryptLib/OUTPUT/Hash/CryptSha3.obj
D:/develop/Self_develop/edk2/Build/EmulatorX64/DEBUG_VS2019/X64/CryptoPkg/Library/BaseCryptLib/BaseCryptLib/OUTPUT/Hash/CryptXkcp.obj
D:/develop/Self_develop/edk2/Build/EmulatorX64/DEBUG_VS2019/X64/CryptoPkg/Library/BaseCryptLib/BaseCryptLib/OUTPUT/Hash/CryptCShake256.obj
D:/develop/Self_develop/edk2/Build/EmulatorX64/DEBUG_VS2019/X64/CryptoPkg/Library/BaseCryptLib/BaseCryptLib/OUTPUT/Hash/CryptParallelHash.obj
D:/develop/Self_develop/edk2/Build/EmulatorX64/DEBUG_VS2019/X64/CryptoPkg/Library/BaseCryptLib/BaseCryptLib/OUTPUT/Hash/CryptDispatchApDxe.obj
D:/develop/Self_develop/edk2/Build/EmulatorX64/DEBUG_VS2019/X64/CryptoPkg/Library/BaseCryptLib/BaseCryptLib/OUTPUT/Hmac/CryptHmac.obj
D:/develop/Self_develop/edk2/Build/EmulatorX64/DEBUG_VS2019/X64/CryptoPkg/Library/BaseCryptLib/BaseCryptLib/OUTPUT/Kdf/CryptHkdf.obj
D:/develop/Self_develop/edk2/Build/EmulatorX64/DEBUG_VS2019/X64/CryptoPkg/Library/BaseCryptLib/BaseCryptLib/OUTPUT/Cipher/CryptAes.obj
D:/develop/Self_develop/edk2/Build/EmulatorX64/DEBUG_VS2019/X64/CryptoPkg/Library/BaseCryptLib/BaseCryptLib/OUTPUT/Cipher/CryptAeadAesGcm.obj
D:/develop/Self_develop/edk2/Build/EmulatorX64/DEBUG_VS2019/X64/CryptoPkg/Library/BaseCryptLib/BaseCryptLib/OUTPUT/Pk/CryptRsaBasic.obj
D:/develop/Self_develop/edk2/Build/EmulatorX64/DEBUG_VS2019/X64/CryptoPkg/Library/BaseCryptLib/BaseCryptLib/OUTPUT/Pk/CryptRsaExt.obj
D:/develop/Self_develop/edk2/Build/EmulatorX64/DEBUG_VS2019/X64/CryptoPkg/Library/BaseCryptLib/BaseCryptLib/OUTPUT/Pk/CryptPkcs1Oaep.obj
D:/develop/Self_develop/edk2/Build/EmulatorX64/DEBUG_VS2019/X64/CryptoPkg/Library/BaseCryptLib/BaseCryptLib/OUTPUT/Pk/CryptPkcs5Pbkdf2.obj
D:/develop/Self_develop/edk2/Build/EmulatorX64/DEBUG_VS2019/X64/CryptoPkg/Library/BaseCryptLib/BaseCryptLib/OUTPUT/Pk/CryptPkcs7Sign.obj
D:/develop/Self_develop/edk2/Build/EmulatorX64/DEBUG_VS2019/X64/CryptoPkg/Library/BaseCryptLib/BaseCryptLib/OUTPUT/Pk/CryptPkcs7VerifyCommon.obj
D:/develop/Self_develop/edk2/Build/EmulatorX64/DEBUG_VS2019/X64/CryptoPkg/Library/BaseCryptLib/BaseCryptLib/OUTPUT/Pk/CryptPkcs7VerifyBase.obj
D:/develop/Self_develop/edk2/Build/EmulatorX64/DEBUG_VS2019/X64/CryptoPkg/Library/BaseCryptLib/BaseCryptLib/OUTPUT/Pk/CryptPkcs7VerifyEku.obj
D:/develop/Self_develop/edk2/Build/EmulatorX64/DEBUG_VS2019/X64/CryptoPkg/Library/BaseCryptLib/BaseCryptLib/OUTPUT/Pk/CryptDh.obj
D:/develop/Self_develop/edk2/Build/EmulatorX64/DEBUG_VS2019/X64/CryptoPkg/Library/BaseCryptLib/BaseCryptLib/OUTPUT/Pk/CryptX509.obj
D:/develop/Self_develop/edk2/Build/EmulatorX64/DEBUG_VS2019/X64/CryptoPkg/Library/BaseCryptLib/BaseCryptLib/OUTPUT/Pk/CryptAuthenticode.obj
D:/develop/Self_develop/edk2/Build/EmulatorX64/DEBUG_VS2019/X64/CryptoPkg/Library/BaseCryptLib/BaseCryptLib/OUTPUT/Pk/CryptTs.obj
D:/develop/Self_develop/edk2/Build/EmulatorX64/DEBUG_VS2019/X64/CryptoPkg/Library/BaseCryptLib/BaseCryptLib/OUTPUT/Pk/CryptRsaPss.obj
D:/develop/Self_develop/edk2/Build/EmulatorX64/DEBUG_VS2019/X64/CryptoPkg/Library/BaseCryptLib/BaseCryptLib/OUTPUT/Pk/CryptRsaPssSign.obj
D:/develop/Self_develop/edk2/Build/EmulatorX64/DEBUG_VS2019/X64/CryptoPkg/Library/BaseCryptLib/BaseCryptLib/OUTPUT/Pk/CryptEc.obj
D:/develop/Self_develop/edk2/Build/EmulatorX64/DEBUG_VS2019/X64/CryptoPkg/Library/BaseCryptLib/BaseCryptLib/OUTPUT/Pem/CryptPem.obj
D:/develop/Self_develop/edk2/Build/EmulatorX64/DEBUG_VS2019/X64/CryptoPkg/Library/BaseCryptLib/BaseCryptLib/OUTPUT/Bn/CryptBn.obj
D:/develop/Self_develop/edk2/Build/EmulatorX64/DEBUG_VS2019/X64/CryptoPkg/Library/BaseCryptLib/BaseCryptLib/OUTPUT/SysCall/CrtWrapper.obj
D:/develop/Self_develop/edk2/Build/EmulatorX64/DEBUG_VS2019/X64/CryptoPkg/Library/BaseCryptLib/BaseCryptLib/OUTPUT/SysCall/TimerWrapper.obj
D:/develop/Self_develop/edk2/Build/EmulatorX64/DEBUG_VS2019/X64/CryptoPkg/Library/BaseCryptLib/BaseCryptLib/OUTPUT/SysCall/BaseMemAllocation.obj
D:/develop/Self_develop/edk2/Build/EmulatorX64/DEBUG_VS2019/X64/CryptoPkg/Library/BaseCryptLib/BaseCryptLib/OUTPUT/Rand/CryptRandTsc.obj