D:/develop/EDK2/edk2/Build/EmulatorIA32/DEBUG_VS2022/IA32/MdeModulePkg/Universal/EbcDxe/EbcDxe/OUTPUT/EbcDxe.lib
D:/develop/EDK2/edk2/Build/EmulatorIA32/DEBUG_VS2022/IA32/MdePkg/Library/BasePrintLib/BasePrintLib/OUTPUT/BasePrintLib.lib
D:/develop/EDK2/edk2/Build/EmulatorIA32/DEBUG_VS2022/IA32/MdePkg/Library/UefiDevicePathLib/UefiDevicePathLib/OUTPUT/UefiDevicePathLib.lib
D:/develop/EDK2/edk2/Build/EmulatorIA32/DEBUG_VS2022/IA32/MdePkg/Library/BaseDebugPrintErrorLevelLib/BaseDebugPrintErrorLevelLib/OUTPUT/BaseDebugPrintErrorLevelLib.lib
D:/develop/EDK2/edk2/Build/EmulatorIA32/DEBUG_VS2022/IA32/MdeModulePkg/Library/DxeReportStatusCodeLib/DxeReportStatusCodeLib/OUTPUT/DxeReportStatusCodeLib.lib
D:/develop/EDK2/edk2/Build/EmulatorIA32/DEBUG_VS2022/IA32/MdePkg/Library/RegisterFilterLibNull/RegisterFilterLibNull/OUTPUT/FilterLibNull.lib
D:/develop/EDK2/edk2/Build/EmulatorIA32/DEBUG_VS2022/IA32/MdePkg/Library/DxePcdLib/DxePcdLib/OUTPUT/DxePcdLib.lib
D:/develop/EDK2/edk2/Build/EmulatorIA32/DEBUG_VS2022/IA32/MdePkg/Library/BaseLib/BaseLib/OUTPUT/BaseLib.lib
D:/develop/EDK2/edk2/Build/EmulatorIA32/DEBUG_VS2022/IA32/MdeModulePkg/Library/PeiDxeDebugLibReportStatusCode/PeiDxeDebugLibReportStatusCode/OUTPUT/PeiDxeDebugLibReportStatusCode.lib
D:/develop/EDK2/edk2/Build/EmulatorIA32/DEBUG_VS2022/IA32/MdePkg/Library/BaseMemoryLib/BaseMemoryLib/OUTPUT/BaseMemoryLib.lib
D:/develop/EDK2/edk2/Build/EmulatorIA32/DEBUG_VS2022/IA32/MdePkg/Library/UefiMemoryAllocationLib/UefiMemoryAllocationLib/OUTPUT/UefiMemoryAllocationLib.lib
D:/develop/EDK2/edk2/Build/EmulatorIA32/DEBUG_VS2022/IA32/MdePkg/Library/UefiBootServicesTableLib/UefiBootServicesTableLib/OUTPUT/UefiBootServicesTableLib.lib
D:/develop/EDK2/edk2/Build/EmulatorIA32/DEBUG_VS2022/IA32/MdePkg/Library/UefiRuntimeServicesTableLib/UefiRuntimeServicesTableLib/OUTPUT/UefiRuntimeServicesTableLib.lib
D:/develop/EDK2/edk2/Build/EmulatorIA32/DEBUG_VS2022/IA32/MdePkg/Library/UefiLib/UefiLib/OUTPUT/UefiLib.lib
D:/develop/EDK2/edk2/Build/EmulatorIA32/DEBUG_VS2022/IA32/MdePkg/Library/DxeHobLib/DxeHobLib/OUTPUT/DxeHobLib.lib
D:/develop/EDK2/edk2/Build/EmulatorIA32/DEBUG_VS2022/IA32/MdePkg/Library/BaseSafeIntLib/BaseSafeIntLib/OUTPUT/BaseSafeIntLib.lib
D:/develop/EDK2/edk2/Build/EmulatorIA32/DEBUG_VS2022/IA32/EmulatorPkg/Library/DxeEmuPeCoffExtraActionLib/DxeEmuPeCoffExtraActionLib/OUTPUT/DxeEmuPeCoffExtraActionLib.lib
D:/develop/EDK2/edk2/Build/EmulatorIA32/DEBUG_VS2022/IA32/MdePkg/Library/StackCheckLibNull/StackCheckLibNull/OUTPUT/StackCheckLibNull.lib
D:/develop/EDK2/edk2/Build/EmulatorIA32/DEBUG_VS2022/IA32/MdePkg/Library/BaseCacheMaintenanceLib/BaseCacheMaintenanceLib/OUTPUT/BaseCacheMaintenanceLib.lib
D:/develop/EDK2/edk2/Build/EmulatorIA32/DEBUG_VS2022/IA32/MdePkg/Library/BasePeCoffLib/BasePeCoffLib/OUTPUT/BasePeCoffLib.lib
D:/develop/EDK2/edk2/Build/EmulatorIA32/DEBUG_VS2022/IA32/MdePkg/Library/UefiDriverEntryPoint/UefiDriverEntryPoint/OUTPUT/UefiDriverEntryPoint.lib