D:/develop/EDK2/edk2/Build/EmulatorIA32/DEBUG_VS2022/IA32/MdeModulePkg/Core/Dxe/DxeMain/OUTPUT/DxeCore.lib
D:/develop/EDK2/edk2/Build/EmulatorIA32/DEBUG_VS2022/IA32/MdePkg/Library/RegisterFilterLibNull/RegisterFilterLibNull/OUTPUT/FilterLibNull.lib
D:/develop/EDK2/edk2/Build/EmulatorIA32/DEBUG_VS2022/IA32/MdePkg/Library/BasePcdLibNull/BasePcdLibNull/OUTPUT/BasePcdLibNull.lib
D:/develop/EDK2/edk2/Build/EmulatorIA32/DEBUG_VS2022/IA32/MdePkg/Library/BaseLib/BaseLib/OUTPUT/BaseLib.lib
D:/develop/EDK2/edk2/Build/EmulatorIA32/DEBUG_VS2022/IA32/MdePkg/Library/BaseMemoryLib/BaseMemoryLib/OUTPUT/BaseMemoryLib.lib
D:/develop/EDK2/edk2/Build/EmulatorIA32/DEBUG_VS2022/IA32/MdePkg/Library/BaseDebugPrintErrorLevelLib/BaseDebugPrintErrorLevelLib/OUTPUT/BaseDebugPrintErrorLevelLib.lib
D:/develop/EDK2/edk2/Build/EmulatorIA32/DEBUG_VS2022/IA32/EmulatorPkg/Library/DxeEmuStdErrSerialPortLib/DxeEmuStdErrSerialPortLib/OUTPUT/DxeEmuStdErrSerialPortLib.lib
D:/develop/EDK2/edk2/Build/EmulatorIA32/DEBUG_VS2022/IA32/MdePkg/Library/BasePrintLib/BasePrintLib/OUTPUT/BasePrintLib.lib
D:/develop/EDK2/edk2/Build/EmulatorIA32/DEBUG_VS2022/IA32/MdePkg/Library/BaseDebugLibSerialPort/BaseDebugLibSerialPort/OUTPUT/BaseDebugLibSerialPort.lib
D:/develop/EDK2/edk2/Build/EmulatorIA32/DEBUG_VS2022/IA32/MdePkg/Library/StackCheckLibNull/StackCheckLibNull/OUTPUT/StackCheckLibNull.lib
D:/develop/EDK2/edk2/Build/EmulatorIA32/DEBUG_VS2022/IA32/MdePkg/Library/DxeCoreEntryPoint/DxeCoreEntryPoint/OUTPUT/DxeCoreEntryPoint.lib
D:/develop/EDK2/edk2/Build/EmulatorIA32/DEBUG_VS2022/IA32/MdePkg/Library/DxeCoreHobLib/DxeCoreHobLib/OUTPUT/DxeCoreHobLib.lib
D:/develop/EDK2/edk2/Build/EmulatorIA32/DEBUG_VS2022/IA32/EmulatorPkg/Library/DxeEmuLib/DxeEmuLib/OUTPUT/DxeEmuLib.lib
D:/develop/EDK2/edk2/Build/EmulatorIA32/DEBUG_VS2022/IA32/MdeModulePkg/Library/DxeCoreMemoryAllocationLib/DxeCoreMemoryAllocationLib/OUTPUT/DxeCoreMemoryAllocationLib.lib
D:/develop/EDK2/edk2/Build/EmulatorIA32/DEBUG_VS2022/IA32/MdePkg/Library/UefiRuntimeServicesTableLib/UefiRuntimeServicesTableLib/OUTPUT/UefiRuntimeServicesTableLib.lib
D:/develop/EDK2/edk2/Build/EmulatorIA32/DEBUG_VS2022/IA32/MdePkg/Library/UefiDevicePathLib/UefiDevicePathLib/OUTPUT/UefiDevicePathLib.lib
D:/develop/EDK2/edk2/Build/EmulatorIA32/DEBUG_VS2022/IA32/MdePkg/Library/UefiBootServicesTableLib/UefiBootServicesTableLib/OUTPUT/UefiBootServicesTableLib.lib
D:/develop/EDK2/edk2/Build/EmulatorIA32/DEBUG_VS2022/IA32/MdePkg/Library/BaseSafeIntLib/BaseSafeIntLib/OUTPUT/BaseSafeIntLib.lib
D:/develop/EDK2/edk2/Build/EmulatorIA32/DEBUG_VS2022/IA32/EmulatorPkg/Library/DxeEmuPeCoffExtraActionLib/DxeEmuPeCoffExtraActionLib/OUTPUT/DxeEmuPeCoffExtraActionLib.lib
D:/develop/EDK2/edk2/Build/EmulatorIA32/DEBUG_VS2022/IA32/MdePkg/Library/UefiLib/UefiLib/OUTPUT/UefiLib.lib
D:/develop/EDK2/edk2/Build/EmulatorIA32/DEBUG_VS2022/IA32/MdePkg/Library/BasePeCoffGetEntryPointLib/BasePeCoffGetEntryPointLib/OUTPUT/BasePeCoffGetEntryPointLib.lib
D:/develop/EDK2/edk2/Build/EmulatorIA32/DEBUG_VS2022/IA32/MdePkg/Library/DxeExtractGuidedSectionLib/DxeExtractGuidedSectionLib/OUTPUT/DxeExtractGuidedSectionLib.lib
D:/develop/EDK2/edk2/Build/EmulatorIA32/DEBUG_VS2022/IA32/MdePkg/Library/BaseCacheMaintenanceLib/BaseCacheMaintenanceLib/OUTPUT/BaseCacheMaintenanceLib.lib
D:/develop/EDK2/edk2/Build/EmulatorIA32/DEBUG_VS2022/IA32/MdePkg/Library/BaseUefiDecompressLib/BaseUefiDecompressLib/OUTPUT/BaseUefiDecompressLib.lib
D:/develop/EDK2/edk2/Build/EmulatorIA32/DEBUG_VS2022/IA32/MdePkg/Library/BasePerformanceLibNull/BasePerformanceLibNull/OUTPUT/BasePerformanceLibNull.lib
D:/develop/EDK2/edk2/Build/EmulatorIA32/DEBUG_VS2022/IA32/MdePkg/Library/BasePeCoffLib/BasePeCoffLib/OUTPUT/BasePeCoffLib.lib
D:/develop/EDK2/edk2/Build/EmulatorIA32/DEBUG_VS2022/IA32/MdeModulePkg/Library/DxeReportStatusCodeLib/DxeReportStatusCodeLib/OUTPUT/DxeReportStatusCodeLib.lib
D:/develop/EDK2/edk2/Build/EmulatorIA32/DEBUG_VS2022/IA32/MdePkg/Library/DxeServicesLib/DxeServicesLib/OUTPUT/DxeServicesLib.lib
D:/develop/EDK2/edk2/Build/EmulatorIA32/DEBUG_VS2022/IA32/MdeModulePkg/Library/DebugAgentLibNull/DebugAgentLibNull/OUTPUT/DebugAgentLibNull.lib
D:/develop/EDK2/edk2/Build/EmulatorIA32/DEBUG_VS2022/IA32/MdeModulePkg/Library/CpuExceptionHandlerLibNull/CpuExceptionHandlerLibNull/OUTPUT/CpuExceptionHandlerLibNull.lib
D:/develop/EDK2/edk2/Build/EmulatorIA32/DEBUG_VS2022/IA32/MdeModulePkg/Library/ImagePropertiesRecordLib/ImagePropertiesRecordLib/OUTPUT/ImagePropertiesRecordLib.lib
D:/develop/EDK2/edk2/Build/EmulatorIA32/DEBUG_VS2022/IA32/MdePkg/Library/BaseOrderedCollectionRedBlackTreeLib/BaseOrderedCollectionRedBlackTreeLib/OUTPUT/BaseOrderedCollectionRedBlackTreeLib.lib
D:/develop/EDK2/edk2/Build/EmulatorIA32/DEBUG_VS2022/IA32/MdeModulePkg/Library/DxeCrc32GuidedSectionExtractLib/DxeCrc32GuidedSectionExtractLib/OUTPUT/DxeCrc32GuidedSectionExtractLib.lib
D:/develop/EDK2/edk2/Build/EmulatorIA32/DEBUG_VS2022/IA32/MdeModulePkg/Library/LzmaCustomDecompressLib/LzmaCustomDecompressLib/OUTPUT/LzmaDecompressLib.lib