D:/develop/EDK2/edk2/Build/EmulatorX64/DEBUG_VS2019/X64/MdeModulePkg/Universal/Variable/RuntimeDxe/VariableRuntimeDxe/OUTPUT/VariableRuntimeDxe.lib
D:/develop/EDK2/edk2/Build/EmulatorX64/DEBUG_VS2019/X64/MdePkg/Library/RegisterFilterLibNull/RegisterFilterLibNull/OUTPUT/FilterLibNull.lib
D:/develop/EDK2/edk2/Build/EmulatorX64/DEBUG_VS2019/X64/MdePkg/Library/BaseDebugPrintErrorLevelLib/BaseDebugPrintErrorLevelLib/OUTPUT/BaseDebugPrintErrorLevelLib.lib
D:/develop/EDK2/edk2/Build/EmulatorX64/DEBUG_VS2019/X64/MdeModulePkg/Library/DxeReportStatusCodeLib/DxeReportStatusCodeLib/OUTPUT/DxeReportStatusCodeLib.lib
D:/develop/EDK2/edk2/Build/EmulatorX64/DEBUG_VS2019/X64/MdePkg/Library/BasePrintLib/BasePrintLib/OUTPUT/BasePrintLib.lib
D:/develop/EDK2/edk2/Build/EmulatorX64/DEBUG_VS2019/X64/MdePkg/Library/UefiDevicePathLib/UefiDevicePathLib/OUTPUT/UefiDevicePathLib.lib
D:/develop/EDK2/edk2/Build/EmulatorX64/DEBUG_VS2019/X64/MdePkg/Library/DxePcdLib/DxePcdLib/OUTPUT/DxePcdLib.lib
D:/develop/EDK2/edk2/Build/EmulatorX64/DEBUG_VS2019/X64/MdeModulePkg/Library/PeiDxeDebugLibReportStatusCode/PeiDxeDebugLibReportStatusCode/OUTPUT/PeiDxeDebugLibReportStatusCode.lib
D:/develop/EDK2/edk2/Build/EmulatorX64/DEBUG_VS2019/X64/MdePkg/Library/BaseMemoryLib/BaseMemoryLib/OUTPUT/BaseMemoryLib.lib
D:/develop/EDK2/edk2/Build/EmulatorX64/DEBUG_VS2019/X64/MdePkg/Library/BaseLib/BaseLib/OUTPUT/BaseLib.lib
D:/develop/EDK2/edk2/Build/EmulatorX64/DEBUG_VS2019/X64/MdePkg/Library/UefiMemoryAllocationLib/UefiMemoryAllocationLib/OUTPUT/UefiMemoryAllocationLib.lib
D:/develop/EDK2/edk2/Build/EmulatorX64/DEBUG_VS2019/X64/MdePkg/Library/UefiBootServicesTableLib/UefiBootServicesTableLib/OUTPUT/UefiBootServicesTableLib.lib
D:/develop/EDK2/edk2/Build/EmulatorX64/DEBUG_VS2019/X64/MdePkg/Library/UefiRuntimeServicesTableLib/UefiRuntimeServicesTableLib/OUTPUT/UefiRuntimeServicesTableLib.lib
D:/develop/EDK2/edk2/Build/EmulatorX64/DEBUG_VS2019/X64/MdePkg/Library/UefiLib/UefiLib/OUTPUT/UefiLib.lib
D:/develop/EDK2/edk2/Build/EmulatorX64/DEBUG_VS2019/X64/MdePkg/Library/DxeHobLib/DxeHobLib/OUTPUT/DxeHobLib.lib
D:/develop/EDK2/edk2/Build/EmulatorX64/DEBUG_VS2019/X64/EmulatorPkg/Library/DxeEmuLib/DxeEmuLib/OUTPUT/DxeEmuLib.lib
D:/develop/EDK2/edk2/Build/EmulatorX64/DEBUG_VS2019/X64/EmulatorPkg/Library/DxeTimerLib/DxeTimerLib/OUTPUT/EmuDxeTimerLib.lib
D:/develop/EDK2/edk2/Build/EmulatorX64/DEBUG_VS2019/X64/MdePkg/Library/StackCheckLibNull/StackCheckLibNull/OUTPUT/StackCheckLibNull.lib
D:/develop/EDK2/edk2/Build/EmulatorX64/DEBUG_VS2019/X64/MdePkg/Library/BaseSafeIntLib/BaseSafeIntLib/OUTPUT/BaseSafeIntLib.lib
D:/develop/EDK2/edk2/Build/EmulatorX64/DEBUG_VS2019/X64/MdeModulePkg/Library/VarCheckLib/VarCheckLib/OUTPUT/VarCheckLib.lib
D:/develop/EDK2/edk2/Build/EmulatorX64/DEBUG_VS2019/X64/MdePkg/Library/BaseSynchronizationLib/BaseSynchronizationLib/OUTPUT/BaseSynchronizationLib.lib
D:/develop/EDK2/edk2/Build/EmulatorX64/DEBUG_VS2019/X64/MdePkg/Library/UefiRuntimeLib/UefiRuntimeLib/OUTPUT/UefiRuntimeLib.lib
D:/develop/EDK2/edk2/Build/EmulatorX64/DEBUG_VS2019/X64/MdePkg/Library/DxeServicesTableLib/DxeServicesTableLib/OUTPUT/DxeServicesTableLib.lib
D:/develop/EDK2/edk2/Build/EmulatorX64/DEBUG_VS2019/X64/MdePkg/Library/UefiDriverEntryPoint/UefiDriverEntryPoint/OUTPUT/UefiDriverEntryPoint.lib
D:/develop/EDK2/edk2/Build/EmulatorX64/DEBUG_VS2019/X64/MdeModulePkg/Library/TpmMeasurementLibNull/TpmMeasurementLibNull/OUTPUT/TpmMeasurementLibNull.lib
D:/develop/EDK2/edk2/Build/EmulatorX64/DEBUG_VS2019/X64/MdeModulePkg/Library/AuthVariableLibNull/AuthVariableLibNull/OUTPUT/AuthVariableLibNull.lib
D:/develop/EDK2/edk2/Build/EmulatorX64/DEBUG_VS2019/X64/MdeModulePkg/Library/BaseVariableFlashInfoLib/BaseVariableFlashInfoLib/OUTPUT/BaseVariableFlashInfoLib.lib
D:/develop/EDK2/edk2/Build/EmulatorX64/DEBUG_VS2019/X64/MdeModulePkg/Library/VariablePolicyLib/VariablePolicyLibRuntimeDxe/OUTPUT/VariablePolicyLibRuntimeDxe.lib
D:/develop/EDK2/edk2/Build/EmulatorX64/DEBUG_VS2019/X64/MdeModulePkg/Library/VariablePolicyHelperLib/VariablePolicyHelperLib/OUTPUT/VariablePolicyHelperLib.lib
D:/develop/EDK2/edk2/Build/EmulatorX64/DEBUG_VS2019/X64/MdeModulePkg/Library/VarCheckUefiLib/VarCheckUefiLib/OUTPUT/VarCheckUefiLib.lib