D:/develop/EDK2/edk2/Build/EmulatorX64/DEBUG_VS2019/X64/MdeModulePkg/Application/BootManagerMenuApp/BootManagerMenuApp/OUTPUT/BootManagerMenuApp.lib
D:/develop/EDK2/edk2/Build/EmulatorX64/DEBUG_VS2019/X64/MdePkg/Library/BaseDebugPrintErrorLevelLib/BaseDebugPrintErrorLevelLib/OUTPUT/BaseDebugPrintErrorLevelLib.lib
D:/develop/EDK2/edk2/Build/EmulatorX64/DEBUG_VS2019/X64/MdePkg/Library/RegisterFilterLibNull/RegisterFilterLibNull/OUTPUT/FilterLibNull.lib
D:/develop/EDK2/edk2/Build/EmulatorX64/DEBUG_VS2019/X64/MdeModulePkg/Library/DxeReportStatusCodeLib/DxeReportStatusCodeLib/OUTPUT/DxeReportStatusCodeLib.lib
D:/develop/EDK2/edk2/Build/EmulatorX64/DEBUG_VS2019/X64/MdePkg/Library/UefiDevicePathLib/UefiDevicePathLib/OUTPUT/UefiDevicePathLib.lib
D:/develop/EDK2/edk2/Build/EmulatorX64/DEBUG_VS2019/X64/MdePkg/Library/BaseMemoryLib/BaseMemoryLib/OUTPUT/BaseMemoryLib.lib
D:/develop/EDK2/edk2/Build/EmulatorX64/DEBUG_VS2019/X64/MdePkg/Library/BasePrintLib/BasePrintLib/OUTPUT/BasePrintLib.lib
D:/develop/EDK2/edk2/Build/EmulatorX64/DEBUG_VS2019/X64/MdePkg/Library/BaseLib/BaseLib/OUTPUT/BaseLib.lib
D:/develop/EDK2/edk2/Build/EmulatorX64/DEBUG_VS2019/X64/MdePkg/Library/DxePcdLib/DxePcdLib/OUTPUT/DxePcdLib.lib
D:/develop/EDK2/edk2/Build/EmulatorX64/DEBUG_VS2019/X64/MdePkg/Library/UefiMemoryAllocationLib/UefiMemoryAllocationLib/OUTPUT/UefiMemoryAllocationLib.lib
D:/develop/EDK2/edk2/Build/EmulatorX64/DEBUG_VS2019/X64/MdeModulePkg/Library/PeiDxeDebugLibReportStatusCode/PeiDxeDebugLibReportStatusCode/OUTPUT/PeiDxeDebugLibReportStatusCode.lib
D:/develop/EDK2/edk2/Build/EmulatorX64/DEBUG_VS2019/X64/MdePkg/Library/UefiBootServicesTableLib/UefiBootServicesTableLib/OUTPUT/UefiBootServicesTableLib.lib
D:/develop/EDK2/edk2/Build/EmulatorX64/DEBUG_VS2019/X64/MdePkg/Library/UefiRuntimeServicesTableLib/UefiRuntimeServicesTableLib/OUTPUT/UefiRuntimeServicesTableLib.lib
D:/develop/EDK2/edk2/Build/EmulatorX64/DEBUG_VS2019/X64/MdePkg/Library/UefiLib/UefiLib/OUTPUT/UefiLib.lib
D:/develop/EDK2/edk2/Build/EmulatorX64/DEBUG_VS2019/X64/MdePkg/Library/DxeHobLib/DxeHobLib/OUTPUT/DxeHobLib.lib
D:/develop/EDK2/edk2/Build/EmulatorX64/DEBUG_VS2019/X64/MdeModulePkg/Library/UefiHiiServicesLib/UefiHiiServicesLib/OUTPUT/UefiHiiServicesLib.lib
D:/develop/EDK2/edk2/Build/EmulatorX64/DEBUG_VS2019/X64/MdePkg/Library/StackCheckLibNull/StackCheckLibNull/OUTPUT/StackCheckLibNull.lib
D:/develop/EDK2/edk2/Build/EmulatorX64/DEBUG_VS2019/X64/MdeModulePkg/Library/VariablePolicyHelperLib/VariablePolicyHelperLib/OUTPUT/VariablePolicyHelperLib.lib
D:/develop/EDK2/edk2/Build/EmulatorX64/DEBUG_VS2019/X64/MdeModulePkg/Library/BaseSortLib/BaseSortLib/OUTPUT/BaseSortLib.lib
D:/develop/EDK2/edk2/Build/EmulatorX64/DEBUG_VS2019/X64/MdePkg/Library/DxeServicesLib/DxeServicesLib/OUTPUT/DxeServicesLib.lib
D:/develop/EDK2/edk2/Build/EmulatorX64/DEBUG_VS2019/X64/MdePkg/Library/DxeServicesTableLib/DxeServicesTableLib/OUTPUT/DxeServicesTableLib.lib
D:/develop/EDK2/edk2/Build/EmulatorX64/DEBUG_VS2019/X64/MdePkg/Library/BasePeCoffGetEntryPointLib/BasePeCoffGetEntryPointLib/OUTPUT/BasePeCoffGetEntryPointLib.lib
D:/develop/EDK2/edk2/Build/EmulatorX64/DEBUG_VS2019/X64/MdePkg/Library/BasePerformanceLibNull/BasePerformanceLibNull/OUTPUT/BasePerformanceLibNull.lib
D:/develop/EDK2/edk2/Build/EmulatorX64/DEBUG_VS2019/X64/MdeModulePkg/Library/UefiHiiLib/UefiHiiLib/OUTPUT/UefiHiiLib.lib
D:/develop/EDK2/edk2/Build/EmulatorX64/DEBUG_VS2019/X64/MdePkg/Library/UefiApplicationEntryPoint/UefiApplicationEntryPoint/OUTPUT/UefiApplicationEntryPoint.lib
D:/develop/EDK2/edk2/Build/EmulatorX64/DEBUG_VS2019/X64/MdeModulePkg/Library/UefiBootManagerLib/UefiBootManagerLib/OUTPUT/UefiBootManagerLib.lib